<?xml version="1.0" encoding="UTF-8"?>
<coverage generated="1608579685977" clover="3.2.0">
  <project timestamp="1608579685977" name="All files">
    <metrics statements="409" coveredstatements="409" conditionals="69" coveredconditionals="68" methods="89" coveredmethods="89" elements="567" coveredelements="566" complexity="0" loc="409" ncloc="409" packages="9" files="23" classes="23"/>
    <package name="src">
      <metrics statements="9" coveredstatements="9" conditionals="0" coveredconditionals="0" methods="2" coveredmethods="2"/>
      <file name="app.controller.ts" path="/Users/Ruediger/Dev/Code/vocab/vocab_backend/src/app.controller.ts">
        <metrics statements="7" coveredstatements="7" conditionals="0" coveredconditionals="0" methods="2" coveredmethods="2"/>
        <line num="1" count="1" type="stmt"/>
        <line num="2" count="1" type="stmt"/>
        <line num="3" count="1" type="stmt"/>
        <line num="6" count="1" type="stmt"/>
        <line num="7" count="2" type="stmt"/>
        <line num="11" count="1" type="stmt"/>
        <line num="12" count="1" type="stmt"/>
      </file>
      <file name="app.service.ts" path="/Users/Ruediger/Dev/Code/vocab/vocab_backend/src/app.service.ts">
        <metrics statements="2" coveredstatements="2" conditionals="0" coveredconditionals="0" methods="0" coveredmethods="0"/>
        <line num="1" count="2" type="stmt"/>
        <line num="4" count="2" type="stmt"/>
      </file>
    </package>
    <package name="src.app-configuration">
      <metrics statements="18" coveredstatements="18" conditionals="7" coveredconditionals="7" methods="1" coveredmethods="1"/>
      <file name="app-configuration.service.ts" path="/Users/Ruediger/Dev/Code/vocab/vocab_backend/src/app-configuration/app-configuration.service.ts">
        <metrics statements="18" coveredstatements="18" conditionals="7" coveredconditionals="7" methods="1" coveredmethods="1"/>
        <line num="1" count="3" type="stmt"/>
        <line num="4" count="3" type="stmt"/>
        <line num="8" count="16" type="stmt"/>
        <line num="10" count="1" type="stmt"/>
        <line num="11" count="1" type="stmt"/>
        <line num="13" count="3" type="stmt"/>
        <line num="14" count="3" type="stmt"/>
        <line num="16" count="3" type="stmt"/>
        <line num="17" count="3" type="stmt"/>
        <line num="19" count="1" type="stmt"/>
        <line num="20" count="1" type="stmt"/>
        <line num="22" count="1" type="stmt"/>
        <line num="23" count="1" type="stmt"/>
        <line num="25" count="1" type="stmt"/>
        <line num="26" count="1" type="stmt"/>
        <line num="28" count="6" type="stmt"/>
        <line num="29" count="6" type="stmt"/>
        <line num="31" count="16" type="stmt"/>
      </file>
    </package>
    <package name="src.auth">
      <metrics statements="23" coveredstatements="23" conditionals="6" coveredconditionals="6" methods="3" coveredmethods="3"/>
      <file name="auth.service.ts" path="/Users/Ruediger/Dev/Code/vocab/vocab_backend/src/auth/auth.service.ts">
        <metrics statements="16" coveredstatements="16" conditionals="4" coveredconditionals="4" methods="3" coveredmethods="3"/>
        <line num="1" count="3" type="stmt"/>
        <line num="2" count="3" type="stmt"/>
        <line num="4" count="3" type="stmt"/>
        <line num="7" count="3" type="stmt"/>
        <line num="8" count="13" type="stmt"/>
        <line num="9" count="13" type="stmt"/>
        <line num="12" count="8" type="stmt"/>
        <line num="13" count="8" type="stmt"/>
        <line num="14" count="8" type="cond" truecount="4" falsecount="0"/>
        <line num="15" count="2" type="stmt"/>
        <line num="16" count="2" type="stmt"/>
        <line num="18" count="6" type="stmt"/>
        <line num="22" count="2" type="stmt"/>
        <line num="23" count="2" type="stmt"/>
        <line num="30" count="2" type="stmt"/>
        <line num="31" count="2" type="stmt"/>
      </file>
      <file name="authConfiguration.ts" path="/Users/Ruediger/Dev/Code/vocab/vocab_backend/src/auth/authConfiguration.ts">
        <metrics statements="1" coveredstatements="1" conditionals="2" coveredconditionals="2" methods="0" coveredmethods="0"/>
        <line num="1" count="3" type="stmt"/>
      </file>
      <file name="jwt-auth.guard.ts" path="/Users/Ruediger/Dev/Code/vocab/vocab_backend/src/auth/jwt-auth.guard.ts">
        <metrics statements="3" coveredstatements="3" conditionals="0" coveredconditionals="0" methods="0" coveredmethods="0"/>
        <line num="1" count="3" type="stmt"/>
        <line num="2" count="3" type="stmt"/>
        <line num="5" count="3" type="stmt"/>
      </file>
      <file name="local-auth.guard.ts" path="/Users/Ruediger/Dev/Code/vocab/vocab_backend/src/auth/local-auth.guard.ts">
        <metrics statements="3" coveredstatements="3" conditionals="0" coveredconditionals="0" methods="0" coveredmethods="0"/>
        <line num="1" count="1" type="stmt"/>
        <line num="2" count="1" type="stmt"/>
        <line num="5" count="1" type="stmt"/>
      </file>
    </package>
    <package name="src.lessons">
      <metrics statements="109" coveredstatements="109" conditionals="20" coveredconditionals="20" methods="28" coveredmethods="28"/>
      <file name="lesson.repository.mock.ts" path="/Users/Ruediger/Dev/Code/vocab/vocab_backend/src/lessons/lesson.repository.mock.ts">
        <metrics statements="38" coveredstatements="38" conditionals="16" coveredconditionals="16" methods="12" coveredmethods="12"/>
        <line num="3" count="4" type="stmt"/>
        <line num="5" count="4" type="stmt"/>
        <line num="6" count="74" type="stmt"/>
        <line num="9" count="74" type="stmt"/>
        <line num="14" count="32" type="stmt"/>
        <line num="15" count="32" type="stmt"/>
        <line num="20" count="48" type="stmt"/>
        <line num="21" count="48" type="stmt"/>
        <line num="25" count="16" type="stmt"/>
        <line num="27" count="16" type="stmt"/>
        <line num="28" count="96" type="cond" truecount="2" falsecount="0"/>
        <line num="29" count="80" type="stmt"/>
        <line num="31" count="16" type="stmt"/>
        <line num="37" count="32" type="stmt"/>
        <line num="38" count="32" type="stmt"/>
        <line num="39" count="32" type="stmt"/>
        <line num="40" count="124" type="cond" truecount="4" falsecount="0"/>
        <line num="41" count="20" type="stmt"/>
        <line num="43" count="104" type="stmt"/>
        <line num="49" count="8" type="stmt"/>
        <line num="50" count="48" type="cond" truecount="2" falsecount="0"/>
        <line num="51" count="8" type="stmt"/>
        <line num="53" count="40" type="stmt"/>
        <line num="56" count="8" type="stmt"/>
        <line num="60" count="2" type="stmt"/>
        <line num="61" count="2" type="stmt"/>
        <line num="62" count="2" type="stmt"/>
        <line num="66" count="6" type="stmt"/>
        <line num="67" count="12" type="cond" truecount="2" falsecount="0"/>
        <line num="68" count="6" type="stmt"/>
        <line num="70" count="6" type="stmt"/>
        <line num="73" count="6" type="stmt"/>
        <line num="74" count="6" type="stmt"/>
        <line num="75" count="6" type="cond" truecount="2" falsecount="0"/>
        <line num="76" count="6" type="stmt"/>
        <line num="79" count="6" type="stmt"/>
        <line num="82" count="6" type="stmt"/>
        <line num="83" count="6" type="stmt"/>
      </file>
      <file name="lessons.controller.ts" path="/Users/Ruediger/Dev/Code/vocab/vocab_backend/src/lessons/lessons.controller.ts">
        <metrics statements="22" coveredstatements="22" conditionals="0" coveredconditionals="0" methods="6" coveredmethods="6"/>
        <line num="1" count="1" type="stmt"/>
        <line num="2" count="1" type="stmt"/>
        <line num="3" count="1" type="stmt"/>
        <line num="4" count="1" type="stmt"/>
        <line num="6" count="1" type="stmt"/>
        <line num="11" count="1" type="stmt"/>
        <line num="12" count="13" type="stmt"/>
        <line num="15" count="1" type="stmt"/>
        <line num="16" count="8" type="stmt"/>
        <line num="17" count="8" type="stmt"/>
        <line num="21" count="1" type="stmt"/>
        <line num="22" count="8" type="stmt"/>
        <line num="23" count="8" type="stmt"/>
        <line num="27" count="1" type="stmt"/>
        <line num="28" count="3" type="stmt"/>
        <line num="29" count="3" type="stmt"/>
        <line num="34" count="1" type="stmt"/>
        <line num="35" count="1" type="stmt"/>
        <line num="36" count="1" type="stmt"/>
        <line num="41" count="1" type="stmt"/>
        <line num="42" count="4" type="stmt"/>
        <line num="43" count="4" type="stmt"/>
      </file>
      <file name="lessons.service.ts" path="/Users/Ruediger/Dev/Code/vocab/vocab_backend/src/lessons/lessons.service.ts">
        <metrics statements="28" coveredstatements="28" conditionals="4" coveredconditionals="4" methods="6" coveredmethods="6"/>
        <line num="1" count="4" type="stmt"/>
        <line num="2" count="4" type="stmt"/>
        <line num="3" count="4" type="stmt"/>
        <line num="6" count="4" type="stmt"/>
        <line num="10" count="4" type="stmt"/>
        <line num="11" count="74" type="stmt"/>
        <line num="15" count="74" type="stmt"/>
        <line num="19" count="16" type="stmt"/>
        <line num="20" count="16" type="stmt"/>
        <line num="24" count="32" type="stmt"/>
        <line num="25" count="32" type="stmt"/>
        <line num="29" count="6" type="stmt"/>
        <line num="30" count="6" type="stmt"/>
        <line num="31" count="6" type="cond" truecount="2" falsecount="0"/>
        <line num="35" count="2" type="stmt"/>
        <line num="36" count="2" type="stmt"/>
        <line num="38" count="2" type="stmt"/>
        <line num="39" count="2" type="stmt"/>
        <line num="40" count="2" type="stmt"/>
        <line num="41" count="2" type="stmt"/>
        <line num="43" count="2" type="stmt"/>
        <line num="47" count="8" type="stmt"/>
        <line num="48" count="8" type="cond" truecount="2" falsecount="0"/>
        <line num="49" count="6" type="stmt"/>
        <line num="50" count="6" type="stmt"/>
        <line num="51" count="6" type="stmt"/>
        <line num="52" count="6" type="stmt"/>
        <line num="54" count="6" type="stmt"/>
      </file>
      <file name="lessons.test.data.ts" path="/Users/Ruediger/Dev/Code/vocab/vocab_backend/src/lessons/lessons.test.data.ts">
        <metrics statements="21" coveredstatements="21" conditionals="0" coveredconditionals="0" methods="4" coveredmethods="4"/>
        <line num="2" count="4" type="stmt"/>
        <line num="3" count="4" type="stmt"/>
        <line num="12" count="28" type="stmt"/>
        <line num="13" count="28" type="stmt"/>
        <line num="14" count="28" type="stmt"/>
        <line num="15" count="28" type="stmt"/>
        <line num="16" count="28" type="stmt"/>
        <line num="17" count="28" type="stmt"/>
        <line num="18" count="28" type="stmt"/>
        <line num="21" count="4" type="stmt"/>
        <line num="22" count="8" type="stmt"/>
        <line num="24" count="4" type="stmt"/>
        <line num="26" count="4" type="stmt"/>
        <line num="29" count="4" type="stmt"/>
        <line num="32" count="4" type="stmt"/>
        <line num="35" count="4" type="stmt"/>
        <line num="38" count="4" type="stmt"/>
        <line num="41" count="4" type="stmt"/>
        <line num="45" count="4" type="stmt"/>
        <line num="53" count="4" type="stmt"/>
        <line num="54" count="8" type="stmt"/>
      </file>
    </package>
    <package name="src.lessons.dto">
      <metrics statements="10" coveredstatements="10" conditionals="0" coveredconditionals="0" methods="0" coveredmethods="0"/>
      <file name="create-lesson.dto.ts" path="/Users/Ruediger/Dev/Code/vocab/vocab_backend/src/lessons/dto/create-lesson.dto.ts">
        <metrics statements="5" coveredstatements="5" conditionals="0" coveredconditionals="0" methods="0" coveredmethods="0"/>
        <line num="1" count="1" type="stmt"/>
        <line num="3" count="1" type="stmt"/>
        <line num="5" count="1" type="stmt"/>
        <line num="8" count="1" type="stmt"/>
        <line num="11" count="1" type="stmt"/>
      </file>
      <file name="update-lesson.dto.ts" path="/Users/Ruediger/Dev/Code/vocab/vocab_backend/src/lessons/dto/update-lesson.dto.ts">
        <metrics statements="5" coveredstatements="5" conditionals="0" coveredconditionals="0" methods="0" coveredmethods="0"/>
        <line num="1" count="1" type="stmt"/>
        <line num="3" count="1" type="stmt"/>
        <line num="5" count="1" type="stmt"/>
        <line num="8" count="1" type="stmt"/>
        <line num="11" count="1" type="stmt"/>
      </file>
    </package>
    <package name="src.users">
      <metrics statements="50" coveredstatements="50" conditionals="4" coveredconditionals="4" methods="14" coveredmethods="14"/>
      <file name="user.repository.mock.ts" path="/Users/Ruediger/Dev/Code/vocab/vocab_backend/src/users/user.repository.mock.ts">
        <metrics statements="18" coveredstatements="18" conditionals="4" coveredconditionals="4" methods="7" coveredmethods="7"/>
        <line num="2" count="5" type="stmt"/>
        <line num="4" count="5" type="stmt"/>
        <line num="5" count="29" type="stmt"/>
        <line num="8" count="29" type="stmt"/>
        <line num="13" count="22" type="stmt"/>
        <line num="14" count="22" type="stmt"/>
        <line num="19" count="22" type="stmt"/>
        <line num="20" count="22" type="stmt"/>
        <line num="24" count="2" type="stmt"/>
        <line num="25" count="2" type="stmt"/>
        <line num="26" count="2" type="stmt"/>
        <line num="30" count="22" type="stmt"/>
        <line num="31" count="22" type="stmt"/>
        <line num="32" count="22" type="cond" truecount="2" falsecount="0"/>
        <line num="33" count="26" type="stmt"/>
        <line num="34" count="7" type="cond" truecount="2" falsecount="0"/>
        <line num="35" count="12" type="stmt"/>
        <line num="37" count="2" type="stmt"/>
      </file>
      <file name="user.test.data.ts" path="/Users/Ruediger/Dev/Code/vocab/vocab_backend/src/users/user.test.data.ts">
        <metrics statements="17" coveredstatements="17" conditionals="0" coveredconditionals="0" methods="3" coveredmethods="3"/>
        <line num="1" count="9" type="stmt"/>
        <line num="12" count="45" type="stmt"/>
        <line num="13" count="45" type="stmt"/>
        <line num="14" count="45" type="stmt"/>
        <line num="15" count="45" type="stmt"/>
        <line num="16" count="45" type="stmt"/>
        <line num="17" count="45" type="stmt"/>
        <line num="18" count="45" type="stmt"/>
        <line num="19" count="45" type="stmt"/>
        <line num="22" count="9" type="stmt"/>
        <line num="24" count="9" type="stmt"/>
        <line num="27" count="9" type="stmt"/>
        <line num="30" count="9" type="stmt"/>
        <line num="34" count="9" type="stmt"/>
        <line num="35" count="18" type="stmt"/>
        <line num="37" count="9" type="stmt"/>
        <line num="46" count="9" type="stmt"/>
      </file>
      <file name="users.controller.ts" path="/Users/Ruediger/Dev/Code/vocab/vocab_backend/src/users/users.controller.ts">
        <metrics statements="15" coveredstatements="15" conditionals="0" coveredconditionals="0" methods="4" coveredmethods="4"/>
        <line num="1" count="1" type="stmt"/>
        <line num="2" count="1" type="stmt"/>
        <line num="3" count="1" type="stmt"/>
        <line num="5" count="1" type="stmt"/>
        <line num="8" count="1" type="stmt"/>
        <line num="9" count="8" type="stmt"/>
        <line num="13" count="1" type="stmt"/>
        <line num="14" count="7" type="stmt"/>
        <line num="15" count="7" type="stmt"/>
        <line num="16" count="1" type="stmt"/>
        <line num="18" count="6" type="stmt"/>
        <line num="24" count="1" type="stmt"/>
        <line num="25" count="3" type="stmt"/>
        <line num="29" count="1" type="stmt"/>
        <line num="30" count="2" type="stmt"/>
      </file>
    </package>
    <package name="src.users.dto">
      <metrics statements="7" coveredstatements="7" conditionals="0" coveredconditionals="0" methods="0" coveredmethods="0"/>
      <file name="create-user.dto.ts" path="/Users/Ruediger/Dev/Code/vocab/vocab_backend/src/users/dto/create-user.dto.ts">
        <metrics statements="7" coveredstatements="7" conditionals="0" coveredconditionals="0" methods="0" coveredmethods="0"/>
        <line num="1" count="2" type="stmt"/>
        <line num="3" count="2" type="stmt"/>
        <line num="5" count="2" type="stmt"/>
        <line num="8" count="2" type="stmt"/>
        <line num="11" count="2" type="stmt"/>
        <line num="14" count="2" type="stmt"/>
        <line num="17" count="2" type="stmt"/>
      </file>
    </package>
    <package name="src.vocabulary">
      <metrics statements="173" coveredstatements="173" conditionals="32" coveredconditionals="31" methods="41" coveredmethods="41"/>
      <file name="vocabulary.controller.ts" path="/Users/Ruediger/Dev/Code/vocab/vocab_backend/src/vocabulary/vocabulary.controller.ts">
        <metrics statements="34" coveredstatements="34" conditionals="0" coveredconditionals="0" methods="10" coveredmethods="10"/>
        <line num="1" count="1" type="stmt"/>
        <line num="2" count="1" type="stmt"/>
        <line num="3" count="1" type="stmt"/>
        <line num="4" count="1" type="stmt"/>
        <line num="6" count="1" type="stmt"/>
        <line num="11" count="1" type="stmt"/>
        <line num="12" count="23" type="stmt"/>
        <line num="15" count="1" type="stmt"/>
        <line num="16" count="8" type="stmt"/>
        <line num="17" count="8" type="stmt"/>
        <line num="21" count="1" type="stmt"/>
        <line num="22" count="14" type="stmt"/>
        <line num="23" count="14" type="stmt"/>
        <line num="27" count="1" type="stmt"/>
        <line num="28" count="2" type="stmt"/>
        <line num="29" count="2" type="stmt"/>
        <line num="33" count="1" type="stmt"/>
        <line num="34" count="2" type="stmt"/>
        <line num="35" count="2" type="stmt"/>
        <line num="39" count="1" type="stmt"/>
        <line num="40" count="3" type="stmt"/>
        <line num="41" count="3" type="stmt"/>
        <line num="46" count="1" type="stmt"/>
        <line num="47" count="1" type="stmt"/>
        <line num="48" count="1" type="stmt"/>
        <line num="52" count="1" type="stmt"/>
        <line num="53" count="3" type="stmt"/>
        <line num="54" count="3" type="stmt"/>
        <line num="58" count="1" type="stmt"/>
        <line num="59" count="3" type="stmt"/>
        <line num="60" count="3" type="stmt"/>
        <line num="65" count="1" type="stmt"/>
        <line num="70" count="4" type="stmt"/>
        <line num="71" count="4" type="stmt"/>
      </file>
      <file name="vocabulary.repository.mock.ts" path="/Users/Ruediger/Dev/Code/vocab/vocab_backend/src/vocabulary/vocabulary.repository.mock.ts">
        <metrics statements="38" coveredstatements="38" conditionals="16" coveredconditionals="15" methods="12" coveredmethods="12"/>
        <line num="3" count="2" type="stmt"/>
        <line num="5" count="2" type="stmt"/>
        <line num="6" count="48" type="stmt"/>
        <line num="9" count="48" type="stmt"/>
        <line num="14" count="56" type="stmt"/>
        <line num="15" count="56" type="stmt"/>
        <line num="20" count="82" type="stmt"/>
        <line num="21" count="82" type="stmt"/>
        <line num="25" count="26" type="stmt"/>
        <line num="27" count="26" type="stmt"/>
        <line num="28" count="182" type="cond" truecount="2" falsecount="0"/>
        <line num="29" count="156" type="stmt"/>
        <line num="31" count="26" type="stmt"/>
        <line num="37" count="56" type="stmt"/>
        <line num="38" count="56" type="stmt"/>
        <line num="39" count="56" type="stmt"/>
        <line num="40" count="256" type="cond" truecount="4" falsecount="0"/>
        <line num="41" count="40" type="stmt"/>
        <line num="43" count="216" type="stmt"/>
        <line num="49" count="18" type="stmt"/>
        <line num="50" count="126" type="cond" truecount="2" falsecount="0"/>
        <line num="51" count="18" type="stmt"/>
        <line num="53" count="108" type="stmt"/>
        <line num="56" count="18" type="stmt"/>
        <line num="60" count="2" type="stmt"/>
        <line num="61" count="2" type="stmt"/>
        <line num="62" count="2" type="stmt"/>
        <line num="66" count="16" type="stmt"/>
        <line num="67" count="44" type="cond" truecount="2" falsecount="0"/>
        <line num="68" count="16" type="stmt"/>
        <line num="70" count="28" type="stmt"/>
        <line num="73" count="16" type="stmt"/>
        <line num="74" count="16" type="cond" truecount="2" falsecount="0"/>
        <line num="75" count="16" type="cond" truecount="2" falsecount="0"/>
        <line num="76" count="16" type="cond" truecount="1" falsecount="1"/>
        <line num="77" count="16" type="stmt"/>
        <line num="78" count="16" type="stmt"/>
        <line num="79" count="16" type="stmt"/>
      </file>
      <file name="vocabulary.service.ts" path="/Users/Ruediger/Dev/Code/vocab/vocab_backend/src/vocabulary/vocabulary.service.ts">
        <metrics statements="65" coveredstatements="65" conditionals="16" coveredconditionals="16" methods="11" coveredmethods="11"/>
        <line num="1" count="2" type="stmt"/>
        <line num="2" count="2" type="stmt"/>
        <line num="3" count="2" type="stmt"/>
        <line num="4" count="2" type="stmt"/>
        <line num="7" count="2" type="stmt"/>
        <line num="8" count="2" type="stmt"/>
        <line num="12" count="2" type="stmt"/>
        <line num="13" count="48" type="stmt"/>
        <line num="17" count="48" type="stmt"/>
        <line num="18" count="48" type="stmt"/>
        <line num="19" count="48" type="stmt"/>
        <line num="23" count="18" type="stmt"/>
        <line num="24" count="18" type="stmt"/>
        <line num="28" count="56" type="stmt"/>
        <line num="29" count="56" type="stmt"/>
        <line num="33" count="6" type="stmt"/>
        <line num="34" count="6" type="stmt"/>
        <line num="35" count="6" type="cond" truecount="2" falsecount="0"/>
        <line num="39" count="2" type="stmt"/>
        <line num="40" count="2" type="stmt"/>
        <line num="42" count="2" type="stmt"/>
        <line num="43" count="2" type="stmt"/>
        <line num="44" count="2" type="stmt"/>
        <line num="45" count="2" type="stmt"/>
        <line num="46" count="2" type="stmt"/>
        <line num="48" count="2" type="stmt"/>
        <line num="49" count="2" type="stmt"/>
        <line num="53" count="2" type="stmt"/>
        <line num="57" count="10" type="stmt"/>
        <line num="58" count="10" type="stmt"/>
        <line num="60" count="10" type="cond" truecount="2" falsecount="0"/>
        <line num="61" count="8" type="stmt"/>
        <line num="62" count="8" type="stmt"/>
        <line num="63" count="8" type="cond" truecount="4" falsecount="0"/>
        <line num="64" count="6" type="stmt"/>
        <line num="67" count="2" type="stmt"/>
        <line num="69" count="8" type="stmt"/>
        <line num="74" count="6" type="stmt"/>
        <line num="75" count="6" type="stmt"/>
        <line num="77" count="6" type="cond" truecount="2" falsecount="0"/>
        <line num="78" count="4" type="stmt"/>
        <line num="80" count="4" type="stmt"/>
        <line num="82" count="4" type="cond" truecount="2" falsecount="0"/>
        <line num="83" count="2" type="stmt"/>
        <line num="84" count="2" type="stmt"/>
        <line num="85" count="2" type="stmt"/>
        <line num="87" count="2" type="stmt"/>
        <line num="88" count="2" type="stmt"/>
        <line num="90" count="4" type="stmt"/>
        <line num="95" count="6" type="stmt"/>
        <line num="96" count="6" type="stmt"/>
        <line num="98" count="6" type="cond" truecount="2" falsecount="0"/>
        <line num="99" count="4" type="cond" truecount="2" falsecount="0"/>
        <line num="100" count="1" type="stmt"/>
        <line num="101" count="1" type="stmt"/>
        <line num="102" count="1" type="stmt"/>
        <line num="103" count="1" type="stmt"/>
        <line num="105" count="4" type="stmt"/>
        <line num="110" count="8" type="stmt"/>
        <line num="111" count="8" type="stmt"/>
        <line num="115" count="4" type="stmt"/>
        <line num="116" count="4" type="stmt"/>
        <line num="117" count="4" type="stmt"/>
        <line num="118" count="4" type="stmt"/>
        <line num="119" count="24" type="stmt"/>
      </file>
      <file name="vocabulary.test.data.ts" path="/Users/Ruediger/Dev/Code/vocab/vocab_backend/src/vocabulary/vocabulary.test.data.ts">
        <metrics statements="36" coveredstatements="36" conditionals="0" coveredconditionals="0" methods="8" coveredmethods="8"/>
        <line num="3" count="2" type="stmt"/>
        <line num="4" count="2" type="stmt"/>
        <line num="15" count="16" type="stmt"/>
        <line num="16" count="16" type="stmt"/>
        <line num="17" count="16" type="stmt"/>
        <line num="18" count="16" type="stmt"/>
        <line num="19" count="16" type="stmt"/>
        <line num="20" count="16" type="stmt"/>
        <line num="21" count="16" type="stmt"/>
        <line num="22" count="16" type="stmt"/>
        <line num="23" count="16" type="stmt"/>
        <line num="26" count="2" type="stmt"/>
        <line num="27" count="12" type="stmt"/>
        <line num="28" count="2" type="stmt"/>
        <line num="29" count="2" type="stmt"/>
        <line num="31" count="2" type="stmt"/>
        <line num="33" count="2" type="stmt"/>
        <line num="36" count="2" type="stmt"/>
        <line num="39" count="2" type="stmt"/>
        <line num="42" count="2" type="stmt"/>
        <line num="45" count="2" type="stmt"/>
        <line num="48" count="2" type="stmt"/>
        <line num="52" count="2" type="stmt"/>
        <line num="56" count="2" type="stmt"/>
        <line num="57" count="2" type="stmt"/>
        <line num="58" count="2" type="stmt"/>
        <line num="68" count="2" type="stmt"/>
        <line num="69" count="4" type="stmt"/>
        <line num="71" count="2" type="stmt"/>
        <line num="72" count="10" type="stmt"/>
        <line num="74" count="2" type="stmt"/>
        <line num="75" count="12" type="stmt"/>
        <line num="78" count="2" type="stmt"/>
        <line num="79" count="2" type="stmt"/>
        <line num="82" count="2" type="stmt"/>
        <line num="83" count="4" type="stmt"/>
      </file>
    </package>
    <package name="src.vocabulary.dto">
      <metrics statements="10" coveredstatements="10" conditionals="0" coveredconditionals="0" methods="0" coveredmethods="0"/>
      <file name="create-vocabulary.dto.ts" path="/Users/Ruediger/Dev/Code/vocab/vocab_backend/src/vocabulary/dto/create-vocabulary.dto.ts">
        <metrics statements="5" coveredstatements="5" conditionals="0" coveredconditionals="0" methods="0" coveredmethods="0"/>
        <line num="1" count="1" type="stmt"/>
        <line num="3" count="1" type="stmt"/>
        <line num="5" count="1" type="stmt"/>
        <line num="8" count="1" type="stmt"/>
        <line num="11" count="1" type="stmt"/>
      </file>
      <file name="update-vocabulary.dto.ts" path="/Users/Ruediger/Dev/Code/vocab/vocab_backend/src/vocabulary/dto/update-vocabulary.dto.ts">
        <metrics statements="5" coveredstatements="5" conditionals="0" coveredconditionals="0" methods="0" coveredmethods="0"/>
        <line num="1" count="1" type="stmt"/>
        <line num="3" count="1" type="stmt"/>
        <line num="5" count="1" type="stmt"/>
        <line num="8" count="1" type="stmt"/>
        <line num="11" count="1" type="stmt"/>
      </file>
    </package>
  </project>
</coverage>
