{"/Users/Ruediger/Dev/Code/vocab/vocab_backend/src/app.controller.ts": {"path":"/Users/Ruediger/Dev/Code/vocab/vocab_backend/src/app.controller.ts","statementMap":{"0":{"start":{"line":1,"column":0},"end":{"line":1,"column":70}},"1":{"start":{"line":2,"column":0},"end":{"line":2,"column":50}},"2":{"start":{"line":3,"column":0},"end":{"line":3,"column":57}},"3":{"start":{"line":6,"column":0},"end":{"line":14,"column":null}},"4":{"start":{"line":7,"column":24},"end":{"line":7,"column":37}},"5":{"start":{"line":12,"column":6},"end":{"line":12,"column":46}},"6":{"start":{"line":11,"column":4},"end":{"line":13,"column":null}},"7":{"start":{"line":6,"column":13},"end":{"line":14,"column":null}},"8":{"start":{"line":6,"column":13},"end":{"line":6,"column":26}}},"fnMap":{"0":{"name":"(anonymous_4)","decl":{"start":{"line":7,"column":4},"end":{"line":7,"column":24}},"loc":{"start":{"line":7,"column":48},"end":{"line":7,"column":52}}},"1":{"name":"(anonymous_5)","decl":{"start":{"line":11,"column":4},"end":{"line":11,"column":9}},"loc":{"start":{"line":11,"column":30},"end":{"line":13,"column":5}}}},"branchMap":{},"s":{"0":1,"1":1,"2":1,"3":1,"4":2,"5":1,"6":1,"7":1,"8":1},"f":{"0":2,"1":1},"b":{}}
,"/Users/Ruediger/Dev/Code/vocab/vocab_backend/src/app.service.ts": {"path":"/Users/Ruediger/Dev/Code/vocab/vocab_backend/src/app.service.ts","statementMap":{"0":{"start":{"line":1,"column":0},"end":{"line":1,"column":44}},"1":{"start":{"line":4,"column":0},"end":{"line":4,"column":null}},"2":{"start":{"line":4,"column":13},"end":{"line":4,"column":null}},"3":{"start":{"line":4,"column":13},"end":{"line":4,"column":23}}},"fnMap":{},"branchMap":{},"s":{"0":2,"1":2,"2":2,"3":2},"f":{},"b":{}}
,"/Users/Ruediger/Dev/Code/vocab/vocab_backend/src/app-configuration/app-configuration.service.ts": {"path":"/Users/Ruediger/Dev/Code/vocab/vocab_backend/src/app-configuration/app-configuration.service.ts","statementMap":{"0":{"start":{"line":1,"column":0},"end":{"line":1,"column":44}},"1":{"start":{"line":4,"column":0},"end":{"line":33,"column":null}},"2":{"start":{"line":8,"column":8},"end":{"line":30,"column":null}},"3":{"start":{"line":10,"column":16},"end":{"line":10,"column":30}},"4":{"start":{"line":11,"column":16},"end":{"line":11,"column":22}},"5":{"start":{"line":13,"column":16},"end":{"line":13,"column":30}},"6":{"start":{"line":14,"column":16},"end":{"line":14,"column":22}},"7":{"start":{"line":16,"column":16},"end":{"line":16,"column":30}},"8":{"start":{"line":17,"column":16},"end":{"line":17,"column":22}},"9":{"start":{"line":19,"column":16},"end":{"line":19,"column":30}},"10":{"start":{"line":20,"column":16},"end":{"line":20,"column":22}},"11":{"start":{"line":22,"column":16},"end":{"line":22,"column":31}},"12":{"start":{"line":23,"column":16},"end":{"line":23,"column":22}},"13":{"start":{"line":25,"column":16},"end":{"line":25,"column":31}},"14":{"start":{"line":26,"column":16},"end":{"line":26,"column":22}},"15":{"start":{"line":28,"column":16},"end":{"line":28,"column":30}},"16":{"start":{"line":29,"column":16},"end":{"line":29,"column":22}},"17":{"start":{"line":31,"column":8},"end":{"line":31,"column":25}},"18":{"start":{"line":4,"column":13},"end":{"line":33,"column":null}},"19":{"start":{"line":4,"column":13},"end":{"line":4,"column":36}}},"fnMap":{"0":{"name":"(anonymous_1)","decl":{"start":{"line":6,"column":4},"end":{"line":6,"column":16}},"loc":{"start":{"line":6,"column":30},"end":{"line":32,"column":5}}}},"branchMap":{"0":{"loc":{"start":{"line":9,"column":12},"end":{"line":11,"column":22}},"type":"switch","locations":[{"start":{"line":9,"column":12},"end":{"line":11,"column":22}},{"start":{"line":12,"column":12},"end":{"line":14,"column":22}},{"start":{"line":15,"column":12},"end":{"line":17,"column":22}},{"start":{"line":18,"column":12},"end":{"line":20,"column":22}},{"start":{"line":21,"column":12},"end":{"line":23,"column":22}},{"start":{"line":24,"column":12},"end":{"line":26,"column":22}},{"start":{"line":27,"column":12},"end":{"line":29,"column":22}}]}},"s":{"0":3,"1":3,"2":16,"3":1,"4":1,"5":3,"6":3,"7":3,"8":3,"9":1,"10":1,"11":1,"12":1,"13":1,"14":1,"15":6,"16":6,"17":16,"18":3,"19":3},"f":{"0":16},"b":{"0":[1,3,3,1,1,1,6]}}
,"/Users/Ruediger/Dev/Code/vocab/vocab_backend/src/auth/auth.service.ts": {"path":"/Users/Ruediger/Dev/Code/vocab/vocab_backend/src/auth/auth.service.ts","statementMap":{"0":{"start":{"line":1,"column":0},"end":{"line":1,"column":52}},"1":{"start":{"line":2,"column":0},"end":{"line":2,"column":41}},"2":{"start":{"line":4,"column":0},"end":{"line":4,"column":54}},"3":{"start":{"line":7,"column":24},"end":{"line":33,"column":null}},"4":{"start":{"line":9,"column":24},"end":{"line":9,"column":38}},"5":{"start":{"line":9,"column":60},"end":{"line":9,"column":72}},"6":{"start":{"line":8,"column":21},"end":{"line":8,"column":60}},"7":{"start":{"line":12,"column":8},"end":{"line":12,"column":96}},"8":{"start":{"line":13,"column":27},"end":{"line":13,"column":68}},"9":{"start":{"line":14,"column":8},"end":{"line":17,"column":null}},"10":{"start":{"line":15,"column":44},"end":{"line":15,"column":48}},"11":{"start":{"line":15,"column":39},"end":{"line":15,"column":44}},"12":{"start":{"line":16,"column":12},"end":{"line":16,"column":26}},"13":{"start":{"line":18,"column":8},"end":{"line":18,"column":20}},"14":{"start":{"line":22,"column":8},"end":{"line":22,"column":68}},"15":{"start":{"line":23,"column":24},"end":{"line":29,"column":27}},"16":{"start":{"line":30,"column":8},"end":{"line":30,"column":58}},"17":{"start":{"line":31,"column":8},"end":{"line":31,"column":20}},"18":{"start":{"line":7,"column":13},"end":{"line":33,"column":null}},"19":{"start":{"line":7,"column":13},"end":{"line":7,"column":24}}},"fnMap":{"0":{"name":"(anonymous_3)","decl":{"start":{"line":9,"column":4},"end":{"line":9,"column":24}},"loc":{"start":{"line":9,"column":82},"end":{"line":9,"column":87}}},"1":{"name":"(anonymous_4)","decl":{"start":{"line":11,"column":4},"end":{"line":11,"column":9}},"loc":{"start":{"line":11,"column":53},"end":{"line":19,"column":5}}},"2":{"name":"(anonymous_5)","decl":{"start":{"line":21,"column":4},"end":{"line":21,"column":9}},"loc":{"start":{"line":21,"column":26},"end":{"line":32,"column":5}}}},"branchMap":{"0":{"loc":{"start":{"line":14,"column":8},"end":{"line":17,"column":null}},"type":"if","locations":[{"start":{"line":14,"column":8},"end":{"line":17,"column":null}},{"start":{"line":14,"column":8},"end":{"line":17,"column":null}}]},"1":{"loc":{"start":{"line":14,"column":12},"end":{"line":14,"column":16}},"type":"binary-expr","locations":[{"start":{"line":14,"column":12},"end":{"line":14,"column":16}},{"start":{"line":14,"column":20},"end":{"line":14,"column":42}}]}},"s":{"0":3,"1":3,"2":3,"3":3,"4":13,"5":13,"6":13,"7":8,"8":8,"9":8,"10":2,"11":2,"12":2,"13":6,"14":2,"15":2,"16":2,"17":2,"18":3,"19":3},"f":{"0":13,"1":8,"2":2},"b":{"0":[2,6],"1":[8,6]}}
,"/Users/Ruediger/Dev/Code/vocab/vocab_backend/src/auth/authConfiguration.ts": {"path":"/Users/Ruediger/Dev/Code/vocab/vocab_backend/src/auth/authConfiguration.ts","statementMap":{"0":{"start":{"line":1,"column":13},"end":{"line":5,"column":4}}},"fnMap":{},"branchMap":{"0":{"loc":{"start":{"line":2,"column":12},"end":{"line":2,"column":34}},"type":"binary-expr","locations":[{"start":{"line":2,"column":12},"end":{"line":2,"column":34}},{"start":{"line":2,"column":38},"end":{"line":2,"column":49}}]}},"s":{"0":3},"f":{},"b":{"0":[3,3]}}
,"/Users/Ruediger/Dev/Code/vocab/vocab_backend/src/auth/jwt-auth.guard.ts": {"path":"/Users/Ruediger/Dev/Code/vocab/vocab_backend/src/auth/jwt-auth.guard.ts","statementMap":{"0":{"start":{"line":1,"column":0},"end":{"line":1,"column":44}},"1":{"start":{"line":2,"column":0},"end":{"line":2,"column":45}},"2":{"start":{"line":5,"column":0},"end":{"line":5,"column":null}},"3":{"start":{"line":5,"column":13},"end":{"line":5,"column":null}},"4":{"start":{"line":5,"column":13},"end":{"line":5,"column":25}}},"fnMap":{},"branchMap":{},"s":{"0":3,"1":3,"2":3,"3":3,"4":3},"f":{},"b":{}}
,"/Users/Ruediger/Dev/Code/vocab/vocab_backend/src/auth/local-auth.guard.ts": {"path":"/Users/Ruediger/Dev/Code/vocab/vocab_backend/src/auth/local-auth.guard.ts","statementMap":{"0":{"start":{"line":1,"column":0},"end":{"line":1,"column":44}},"1":{"start":{"line":2,"column":0},"end":{"line":2,"column":45}},"2":{"start":{"line":5,"column":0},"end":{"line":5,"column":null}},"3":{"start":{"line":5,"column":13},"end":{"line":5,"column":null}},"4":{"start":{"line":5,"column":13},"end":{"line":5,"column":27}}},"fnMap":{},"branchMap":{},"s":{"0":1,"1":1,"2":1,"3":1,"4":1},"f":{},"b":{}}
,"/Users/Ruediger/Dev/Code/vocab/vocab_backend/src/lessons/lesson.repository.mock.ts": {"path":"/Users/Ruediger/Dev/Code/vocab/vocab_backend/src/lessons/lesson.repository.mock.ts","statementMap":{"0":{"start":{"line":3,"column":0},"end":{"line":3,"column":73}},"1":{"start":{"line":6,"column":10},"end":{"line":6,"column":50}},"2":{"start":{"line":9,"column":4},"end":{"line":9,"column":72}},"3":{"start":{"line":14,"column":31},"end":{"line":14,"column":45}},"4":{"start":{"line":15,"column":4},"end":{"line":15,"column":38}},"5":{"start":{"line":20,"column":32},"end":{"line":20,"column":46}},"6":{"start":{"line":21,"column":4},"end":{"line":21,"column":30}},"7":{"start":{"line":25,"column":23},"end":{"line":25,"column":51}},"8":{"start":{"line":27,"column":4},"end":{"line":33,"column":7}},"9":{"start":{"line":28,"column":6},"end":{"line":32,"column":null}},"10":{"start":{"line":29,"column":8},"end":{"line":29,"column":20}},"11":{"start":{"line":31,"column":8},"end":{"line":31,"column":21}},"12":{"start":{"line":37,"column":23},"end":{"line":37,"column":49}},"13":{"start":{"line":38,"column":23},"end":{"line":38,"column":51}},"14":{"start":{"line":39,"column":4},"end":{"line":45,"column":7}},"15":{"start":{"line":40,"column":6},"end":{"line":44,"column":null}},"16":{"start":{"line":41,"column":8},"end":{"line":41,"column":20}},"17":{"start":{"line":43,"column":8},"end":{"line":43,"column":21}},"18":{"start":{"line":49,"column":4},"end":{"line":55,"column":7}},"19":{"start":{"line":50,"column":6},"end":{"line":54,"column":null}},"20":{"start":{"line":51,"column":8},"end":{"line":51,"column":21}},"21":{"start":{"line":53,"column":8},"end":{"line":53,"column":20}},"22":{"start":{"line":56,"column":4},"end":{"line":56,"column":11}},"23":{"start":{"line":60,"column":4},"end":{"line":60,"column":29}},"24":{"start":{"line":61,"column":4},"end":{"line":61,"column":55}},"25":{"start":{"line":62,"column":4},"end":{"line":62,"column":18}},"26":{"start":{"line":66,"column":27},"end":{"line":72,"column":6}},"27":{"start":{"line":67,"column":6},"end":{"line":71,"column":null}},"28":{"start":{"line":68,"column":8},"end":{"line":68,"column":20}},"29":{"start":{"line":70,"column":8},"end":{"line":70,"column":21}},"30":{"start":{"line":73,"column":4},"end":{"line":73,"column":29}},"31":{"start":{"line":74,"column":4},"end":{"line":74,"column":30}},"32":{"start":{"line":75,"column":4},"end":{"line":75,"column":62}},"33":{"start":{"line":76,"column":4},"end":{"line":78,"column":26}},"34":{"start":{"line":79,"column":4},"end":{"line":81,"column":26}},"35":{"start":{"line":82,"column":4},"end":{"line":82,"column":26}},"36":{"start":{"line":83,"column":4},"end":{"line":83,"column":55}},"37":{"start":{"line":5,"column":0},"end":{"line":5,"column":13}}},"fnMap":{"0":{"name":"(anonymous_0)","decl":{"start":{"line":8,"column":2},"end":{"line":8,"column":null}},"loc":{"start":{"line":8,"column":2},"end":{"line":10,"column":3}}},"1":{"name":"(anonymous_1)","decl":{"start":{"line":12,"column":2},"end":{"line":12,"column":16}},"loc":{"start":{"line":12,"column":30},"end":{"line":16,"column":3}}},"2":{"name":"(anonymous_2)","decl":{"start":{"line":18,"column":2},"end":{"line":18,"column":18}},"loc":{"start":{"line":18,"column":32},"end":{"line":22,"column":3}}},"3":{"name":"(anonymous_3)","decl":{"start":{"line":24,"column":2},"end":{"line":24,"column":7}},"loc":{"start":{"line":24,"column":26},"end":{"line":34,"column":3}}},"4":{"name":"(anonymous_4)","decl":{"start":{"line":27,"column":35},"end":{"line":27,"column":41}},"loc":{"start":{"line":27,"column":44},"end":{"line":33,"column":5}}},"5":{"name":"(anonymous_5)","decl":{"start":{"line":36,"column":2},"end":{"line":36,"column":7}},"loc":{"start":{"line":36,"column":29},"end":{"line":46,"column":3}}},"6":{"name":"(anonymous_6)","decl":{"start":{"line":39,"column":33},"end":{"line":39,"column":39}},"loc":{"start":{"line":39,"column":42},"end":{"line":45,"column":5}}},"7":{"name":"(anonymous_7)","decl":{"start":{"line":48,"column":2},"end":{"line":48,"column":7}},"loc":{"start":{"line":48,"column":25},"end":{"line":57,"column":3}}},"8":{"name":"(anonymous_8)","decl":{"start":{"line":49,"column":47},"end":{"line":49,"column":53}},"loc":{"start":{"line":49,"column":56},"end":{"line":55,"column":5}}},"9":{"name":"(anonymous_9)","decl":{"start":{"line":59,"column":2},"end":{"line":59,"column":7}},"loc":{"start":{"line":59,"column":27},"end":{"line":63,"column":3}}},"10":{"name":"(anonymous_10)","decl":{"start":{"line":65,"column":2},"end":{"line":65,"column":7}},"loc":{"start":{"line":65,"column":41},"end":{"line":84,"column":3}}},"11":{"name":"(anonymous_11)","decl":{"start":{"line":66,"column":49},"end":{"line":66,"column":55}},"loc":{"start":{"line":66,"column":58},"end":{"line":72,"column":5}}}},"branchMap":{"0":{"loc":{"start":{"line":28,"column":6},"end":{"line":32,"column":null}},"type":"if","locations":[{"start":{"line":28,"column":6},"end":{"line":32,"column":null}},{"start":{"line":28,"column":6},"end":{"line":32,"column":null}}]},"1":{"loc":{"start":{"line":40,"column":6},"end":{"line":44,"column":null}},"type":"if","locations":[{"start":{"line":40,"column":6},"end":{"line":44,"column":null}},{"start":{"line":40,"column":6},"end":{"line":44,"column":null}}]},"2":{"loc":{"start":{"line":40,"column":11},"end":{"line":40,"column":27}},"type":"binary-expr","locations":[{"start":{"line":40,"column":11},"end":{"line":40,"column":27}},{"start":{"line":40,"column":33},"end":{"line":40,"column":59}}]},"3":{"loc":{"start":{"line":50,"column":6},"end":{"line":54,"column":null}},"type":"if","locations":[{"start":{"line":50,"column":6},"end":{"line":54,"column":null}},{"start":{"line":50,"column":6},"end":{"line":54,"column":null}}]},"4":{"loc":{"start":{"line":67,"column":6},"end":{"line":71,"column":null}},"type":"if","locations":[{"start":{"line":67,"column":6},"end":{"line":71,"column":null}},{"start":{"line":67,"column":6},"end":{"line":71,"column":null}}]},"5":{"loc":{"start":{"line":75,"column":34},"end":{"line":75,"column":46}},"type":"cond-expr","locations":[{"start":{"line":75,"column":34},"end":{"line":75,"column":46}},{"start":{"line":75,"column":49},"end":{"line":75,"column":61}}]},"6":{"loc":{"start":{"line":77,"column":8},"end":{"line":77,"column":25}},"type":"cond-expr","locations":[{"start":{"line":77,"column":8},"end":{"line":77,"column":25}},{"start":{"line":78,"column":8},"end":{"line":78,"column":25}}]},"7":{"loc":{"start":{"line":80,"column":8},"end":{"line":80,"column":25}},"type":"cond-expr","locations":[{"start":{"line":80,"column":8},"end":{"line":80,"column":25}},{"start":{"line":81,"column":8},"end":{"line":81,"column":25}}]}},"s":{"0":4,"1":74,"2":74,"3":32,"4":32,"5":48,"6":48,"7":16,"8":16,"9":96,"10":80,"11":16,"12":32,"13":32,"14":32,"15":124,"16":20,"17":104,"18":8,"19":48,"20":8,"21":40,"22":8,"23":2,"24":2,"25":2,"26":6,"27":12,"28":6,"29":6,"30":6,"31":6,"32":6,"33":6,"34":6,"35":6,"36":6,"37":4},"f":{"0":74,"1":32,"2":48,"3":16,"4":96,"5":32,"6":124,"7":8,"8":48,"9":2,"10":6,"11":12},"b":{"0":[80,16],"1":[20,104],"2":[124,26],"3":[8,40],"4":[6,6],"5":[4,2],"6":[2,4],"7":[4,2]}}
,"/Users/Ruediger/Dev/Code/vocab/vocab_backend/src/lessons/lessons.controller.ts": {"path":"/Users/Ruediger/Dev/Code/vocab/vocab_backend/src/lessons/lessons.controller.ts","statementMap":{"0":{"start":{"line":1,"column":0},"end":{"line":1,"column":129}},"1":{"start":{"line":2,"column":0},"end":{"line":2,"column":54}},"2":{"start":{"line":3,"column":0},"end":{"line":3,"column":58}},"3":{"start":{"line":4,"column":0},"end":{"line":4,"column":58}},"4":{"start":{"line":6,"column":0},"end":{"line":6,"column":51}},"5":{"start":{"line":11,"column":0},"end":{"line":45,"column":null}},"6":{"start":{"line":12,"column":22},"end":{"line":12,"column":39}},"7":{"start":{"line":16,"column":23},"end":{"line":16,"column":38}},"8":{"start":{"line":17,"column":4},"end":{"line":17,"column":46}},"9":{"start":{"line":22,"column":23},"end":{"line":22,"column":38}},"10":{"start":{"line":23,"column":4},"end":{"line":23,"column":50}},"11":{"start":{"line":28,"column":23},"end":{"line":28,"column":38}},"12":{"start":{"line":29,"column":4},"end":{"line":29,"column":49}},"13":{"start":{"line":35,"column":23},"end":{"line":35,"column":38}},"14":{"start":{"line":36,"column":4},"end":{"line":36,"column":55}},"15":{"start":{"line":42,"column":23},"end":{"line":42,"column":38}},"16":{"start":{"line":43,"column":4},"end":{"line":43,"column":66}},"17":{"start":{"line":15,"column":2},"end":{"line":18,"column":null}},"18":{"start":{"line":21,"column":2},"end":{"line":24,"column":null}},"19":{"start":{"line":27,"column":2},"end":{"line":30,"column":null}},"20":{"start":{"line":34,"column":2},"end":{"line":37,"column":null}},"21":{"start":{"line":41,"column":2},"end":{"line":44,"column":null}},"22":{"start":{"line":11,"column":13},"end":{"line":45,"column":null}},"23":{"start":{"line":11,"column":13},"end":{"line":11,"column":30}}},"fnMap":{"0":{"name":"(anonymous_4)","decl":{"start":{"line":12,"column":2},"end":{"line":12,"column":22}},"loc":{"start":{"line":12,"column":53},"end":{"line":12,"column":57}}},"1":{"name":"(anonymous_5)","decl":{"start":{"line":15,"column":2},"end":{"line":15,"column":7}},"loc":{"start":{"line":15,"column":43},"end":{"line":18,"column":3}}},"2":{"name":"(anonymous_6)","decl":{"start":{"line":21,"column":2},"end":{"line":21,"column":7}},"loc":{"start":{"line":21,"column":68},"end":{"line":24,"column":3}}},"3":{"name":"(anonymous_7)","decl":{"start":{"line":27,"column":2},"end":{"line":27,"column":8}},"loc":{"start":{"line":27,"column":61},"end":{"line":30,"column":3}}},"4":{"name":"(anonymous_8)","decl":{"start":{"line":34,"column":2},"end":{"line":34,"column":7}},"loc":{"start":{"line":34,"column":84},"end":{"line":37,"column":3}}},"5":{"name":"(anonymous_9)","decl":{"start":{"line":41,"column":2},"end":{"line":41,"column":8}},"loc":{"start":{"line":41,"column":103},"end":{"line":44,"column":3}}}},"branchMap":{},"s":{"0":1,"1":1,"2":1,"3":1,"4":1,"5":1,"6":13,"7":8,"8":8,"9":8,"10":8,"11":3,"12":3,"13":1,"14":1,"15":4,"16":4,"17":1,"18":1,"19":1,"20":1,"21":1,"22":1,"23":1},"f":{"0":13,"1":8,"2":8,"3":3,"4":1,"5":4},"b":{}}
,"/Users/Ruediger/Dev/Code/vocab/vocab_backend/src/lessons/lessons.service.ts": {"path":"/Users/Ruediger/Dev/Code/vocab/vocab_backend/src/lessons/lessons.service.ts","statementMap":{"0":{"start":{"line":1,"column":0},"end":{"line":1,"column":52}},"1":{"start":{"line":2,"column":0},"end":{"line":2,"column":51}},"2":{"start":{"line":3,"column":0},"end":{"line":3,"column":37}},"3":{"start":{"line":6,"column":0},"end":{"line":6,"column":41}},"4":{"start":{"line":10,"column":27},"end":{"line":57,"column":null}},"5":{"start":{"line":15,"column":12},"end":{"line":15,"column":31}},"6":{"start":{"line":11,"column":19},"end":{"line":11,"column":61}},"7":{"start":{"line":19,"column":4},"end":{"line":19,"column":66}},"8":{"start":{"line":20,"column":4},"end":{"line":20,"column":66}},"9":{"start":{"line":24,"column":4},"end":{"line":24,"column":78}},"10":{"start":{"line":25,"column":4},"end":{"line":25,"column":77}},"11":{"start":{"line":29,"column":4},"end":{"line":29,"column":77}},"12":{"start":{"line":30,"column":27},"end":{"line":30,"column":55}},"13":{"start":{"line":31,"column":4},"end":{"line":31,"column":56}},"14":{"start":{"line":31,"column":16},"end":{"line":31,"column":56}},"15":{"start":{"line":35,"column":4},"end":{"line":35,"column":120}},"16":{"start":{"line":36,"column":27},"end":{"line":36,"column":39}},"17":{"start":{"line":38,"column":4},"end":{"line":38,"column":null}},"18":{"start":{"line":39,"column":4},"end":{"line":39,"column":41}},"19":{"start":{"line":40,"column":4},"end":{"line":40,"column":51}},"20":{"start":{"line":41,"column":4},"end":{"line":41,"column":51}},"21":{"start":{"line":43,"column":4},"end":{"line":43,"column":53}},"22":{"start":{"line":47,"column":4},"end":{"line":47,"column":120}},"23":{"start":{"line":48,"column":4},"end":{"line":55,"column":null}},"24":{"start":{"line":49,"column":29},"end":{"line":49,"column":41}},"25":{"start":{"line":50,"column":6},"end":{"line":50,"column":43}},"26":{"start":{"line":51,"column":6},"end":{"line":51,"column":53}},"27":{"start":{"line":52,"column":6},"end":{"line":52,"column":53}},"28":{"start":{"line":54,"column":6},"end":{"line":54,"column":54}},"29":{"start":{"line":10,"column":13},"end":{"line":57,"column":null}},"30":{"start":{"line":10,"column":13},"end":{"line":10,"column":27}}},"fnMap":{"0":{"name":"(anonymous_4)","decl":{"start":{"line":13,"column":2},"end":{"line":13,"column":null}},"loc":{"start":{"line":15,"column":49},"end":{"line":16,"column":7}}},"1":{"name":"(anonymous_5)","decl":{"start":{"line":18,"column":2},"end":{"line":18,"column":7}},"loc":{"start":{"line":18,"column":26},"end":{"line":21,"column":3}}},"2":{"name":"(anonymous_6)","decl":{"start":{"line":23,"column":2},"end":{"line":23,"column":7}},"loc":{"start":{"line":23,"column":38},"end":{"line":26,"column":3}}},"3":{"name":"(anonymous_7)","decl":{"start":{"line":28,"column":2},"end":{"line":28,"column":7}},"loc":{"start":{"line":28,"column":37},"end":{"line":32,"column":3}}},"4":{"name":"(anonymous_8)","decl":{"start":{"line":34,"column":2},"end":{"line":34,"column":7}},"loc":{"start":{"line":34,"column":59},"end":{"line":44,"column":3}}},"5":{"name":"(anonymous_9)","decl":{"start":{"line":46,"column":2},"end":{"line":46,"column":7}},"loc":{"start":{"line":46,"column":71},"end":{"line":56,"column":3}}}},"branchMap":{"0":{"loc":{"start":{"line":31,"column":4},"end":{"line":31,"column":56}},"type":"if","locations":[{"start":{"line":31,"column":4},"end":{"line":31,"column":56}},{"start":{"line":31,"column":4},"end":{"line":31,"column":56}}]},"1":{"loc":{"start":{"line":48,"column":4},"end":{"line":55,"column":null}},"type":"if","locations":[{"start":{"line":48,"column":4},"end":{"line":55,"column":null}},{"start":{"line":48,"column":4},"end":{"line":55,"column":null}}]}},"s":{"0":4,"1":4,"2":4,"3":4,"4":4,"5":74,"6":74,"7":16,"8":16,"9":32,"10":32,"11":6,"12":6,"13":6,"14":2,"15":2,"16":2,"17":2,"18":2,"19":2,"20":2,"21":2,"22":8,"23":8,"24":6,"25":6,"26":6,"27":6,"28":6,"29":4,"30":4},"f":{"0":74,"1":16,"2":32,"3":6,"4":2,"5":8},"b":{"0":[2,4],"1":[6,2]}}
,"/Users/Ruediger/Dev/Code/vocab/vocab_backend/src/lessons/lessons.test.data.ts": {"path":"/Users/Ruediger/Dev/Code/vocab/vocab_backend/src/lessons/lessons.test.data.ts","statementMap":{"0":{"start":{"line":2,"column":0},"end":{"line":2,"column":64}},"1":{"start":{"line":3,"column":0},"end":{"line":3,"column":41}},"2":{"start":{"line":12,"column":25},"end":{"line":12,"column":37}},"3":{"start":{"line":13,"column":2},"end":{"line":13,"column":17}},"4":{"start":{"line":14,"column":2},"end":{"line":14,"column":21}},"5":{"start":{"line":15,"column":2},"end":{"line":15,"column":23}},"6":{"start":{"line":16,"column":2},"end":{"line":16,"column":33}},"7":{"start":{"line":17,"column":2},"end":{"line":17,"column":33}},"8":{"start":{"line":18,"column":2},"end":{"line":18,"column":16}},"9":{"start":{"line":21,"column":13},"end":{"line":21,"column":84}},"10":{"start":{"line":21,"column":69},"end":{"line":21,"column":82}},"11":{"start":{"line":22,"column":13},"end":{"line":22,"column":84}},"12":{"start":{"line":22,"column":69},"end":{"line":22,"column":82}},"13":{"start":{"line":24,"column":11},"end":{"line":24,"column":63}},"14":{"start":{"line":26,"column":0},"end":{"line":28,"column":2}},"15":{"start":{"line":29,"column":0},"end":{"line":31,"column":2}},"16":{"start":{"line":32,"column":0},"end":{"line":34,"column":2}},"17":{"start":{"line":35,"column":0},"end":{"line":37,"column":2}},"18":{"start":{"line":38,"column":0},"end":{"line":40,"column":2}},"19":{"start":{"line":41,"column":0},"end":{"line":43,"column":2}},"20":{"start":{"line":45,"column":13},"end":{"line":51,"column":2}},"21":{"start":{"line":53,"column":13},"end":{"line":55,"column":2}},"22":{"start":{"line":54,"column":12},"end":{"line":54,"column":27}}},"fnMap":{"0":{"name":"createLesson","decl":{"start":{"line":5,"column":9},"end":{"line":5,"column":21}},"loc":{"start":{"line":10,"column":20},"end":{"line":19,"column":1}}},"1":{"name":"(anonymous_1)","decl":{"start":{"line":21,"column":61},"end":{"line":21,"column":65}},"loc":{"start":{"line":21,"column":69},"end":{"line":21,"column":82}}},"2":{"name":"(anonymous_2)","decl":{"start":{"line":22,"column":61},"end":{"line":22,"column":65}},"loc":{"start":{"line":22,"column":69},"end":{"line":22,"column":82}}},"3":{"name":"(anonymous_3)","decl":{"start":{"line":54,"column":2},"end":{"line":54,"column":8}},"loc":{"start":{"line":54,"column":12},"end":{"line":54,"column":27}}}},"branchMap":{},"s":{"0":4,"1":4,"2":28,"3":28,"4":28,"5":28,"6":28,"7":28,"8":28,"9":4,"10":4,"11":4,"12":8,"13":4,"14":4,"15":4,"16":4,"17":4,"18":4,"19":4,"20":4,"21":4,"22":8},"f":{"0":28,"1":4,"2":8,"3":8},"b":{}}
,"/Users/Ruediger/Dev/Code/vocab/vocab_backend/src/lessons/dto/create-lesson.dto.ts": {"path":"/Users/Ruediger/Dev/Code/vocab/vocab_backend/src/lessons/dto/create-lesson.dto.ts","statementMap":{"0":{"start":{"line":1,"column":0},"end":{"line":1,"column":43}},"1":{"start":{"line":5,"column":2},"end":{"line":5,"column":null}},"2":{"start":{"line":8,"column":2},"end":{"line":8,"column":null}},"3":{"start":{"line":11,"column":2},"end":{"line":11,"column":null}},"4":{"start":{"line":3,"column":0},"end":{"line":3,"column":13}}},"fnMap":{},"branchMap":{},"s":{"0":1,"1":1,"2":1,"3":1,"4":1},"f":{},"b":{}}
,"/Users/Ruediger/Dev/Code/vocab/vocab_backend/src/lessons/dto/update-lesson.dto.ts": {"path":"/Users/Ruediger/Dev/Code/vocab/vocab_backend/src/lessons/dto/update-lesson.dto.ts","statementMap":{"0":{"start":{"line":1,"column":0},"end":{"line":1,"column":43}},"1":{"start":{"line":5,"column":2},"end":{"line":5,"column":null}},"2":{"start":{"line":8,"column":2},"end":{"line":8,"column":null}},"3":{"start":{"line":11,"column":2},"end":{"line":11,"column":null}},"4":{"start":{"line":3,"column":0},"end":{"line":3,"column":13}}},"fnMap":{},"branchMap":{},"s":{"0":1,"1":1,"2":1,"3":1,"4":1},"f":{},"b":{}}
,"/Users/Ruediger/Dev/Code/vocab/vocab_backend/src/users/user.repository.mock.ts": {"path":"/Users/Ruediger/Dev/Code/vocab/vocab_backend/src/users/user.repository.mock.ts","statementMap":{"0":{"start":{"line":2,"column":0},"end":{"line":2,"column":68}},"1":{"start":{"line":5,"column":12},"end":{"line":5,"column":50}},"2":{"start":{"line":8,"column":8},"end":{"line":8,"column":74}},"3":{"start":{"line":13,"column":35},"end":{"line":13,"column":49}},"4":{"start":{"line":14,"column":8},"end":{"line":14,"column":42}},"5":{"start":{"line":19,"column":35},"end":{"line":19,"column":49}},"6":{"start":{"line":20,"column":8},"end":{"line":20,"column":35}},"7":{"start":{"line":24,"column":8},"end":{"line":24,"column":31}},"8":{"start":{"line":25,"column":8},"end":{"line":25,"column":57}},"9":{"start":{"line":26,"column":8},"end":{"line":26,"column":20}},"10":{"start":{"line":30,"column":27},"end":{"line":30,"column":56}},"11":{"start":{"line":31,"column":30},"end":{"line":31,"column":62}},"12":{"start":{"line":32,"column":8},"end":{"line":38,"column":null}},"13":{"start":{"line":33,"column":12},"end":{"line":33,"column":71}},"14":{"start":{"line":33,"column":49},"end":{"line":33,"column":69}},"15":{"start":{"line":34,"column":15},"end":{"line":38,"column":null}},"16":{"start":{"line":35,"column":12},"end":{"line":35,"column":65}},"17":{"start":{"line":35,"column":49},"end":{"line":35,"column":63}},"18":{"start":{"line":37,"column":12},"end":{"line":37,"column":24}},"19":{"start":{"line":4,"column":0},"end":{"line":4,"column":13}}},"fnMap":{"0":{"name":"(anonymous_0)","decl":{"start":{"line":7,"column":4},"end":{"line":7,"column":null}},"loc":{"start":{"line":7,"column":4},"end":{"line":9,"column":5}}},"1":{"name":"(anonymous_1)","decl":{"start":{"line":11,"column":4},"end":{"line":11,"column":18}},"loc":{"start":{"line":11,"column":32},"end":{"line":15,"column":5}}},"2":{"name":"(anonymous_2)","decl":{"start":{"line":17,"column":4},"end":{"line":17,"column":21}},"loc":{"start":{"line":17,"column":35},"end":{"line":21,"column":5}}},"3":{"name":"(anonymous_3)","decl":{"start":{"line":23,"column":4},"end":{"line":23,"column":9}},"loc":{"start":{"line":23,"column":25},"end":{"line":27,"column":5}}},"4":{"name":"(anonymous_4)","decl":{"start":{"line":29,"column":4},"end":{"line":29,"column":9}},"loc":{"start":{"line":29,"column":34},"end":{"line":39,"column":5}}},"5":{"name":"(anonymous_5)","decl":{"start":{"line":33,"column":41},"end":{"line":33,"column":45}},"loc":{"start":{"line":33,"column":49},"end":{"line":33,"column":69}}},"6":{"name":"(anonymous_6)","decl":{"start":{"line":35,"column":41},"end":{"line":35,"column":45}},"loc":{"start":{"line":35,"column":49},"end":{"line":35,"column":63}}}},"branchMap":{"0":{"loc":{"start":{"line":32,"column":8},"end":{"line":38,"column":null}},"type":"if","locations":[{"start":{"line":32,"column":8},"end":{"line":38,"column":null}},{"start":{"line":32,"column":8},"end":{"line":38,"column":null}}]},"1":{"loc":{"start":{"line":34,"column":15},"end":{"line":38,"column":null}},"type":"if","locations":[{"start":{"line":34,"column":15},"end":{"line":38,"column":null}},{"start":{"line":34,"column":15},"end":{"line":38,"column":null}}]}},"s":{"0":5,"1":29,"2":29,"3":22,"4":22,"5":22,"6":22,"7":2,"8":2,"9":2,"10":22,"11":22,"12":22,"13":15,"14":26,"15":7,"16":5,"17":12,"18":2,"19":5},"f":{"0":29,"1":22,"2":22,"3":2,"4":22,"5":26,"6":12},"b":{"0":[15,7],"1":[5,2]}}
,"/Users/Ruediger/Dev/Code/vocab/vocab_backend/src/users/user.test.data.ts": {"path":"/Users/Ruediger/Dev/Code/vocab/vocab_backend/src/users/user.test.data.ts","statementMap":{"0":{"start":{"line":1,"column":0},"end":{"line":1,"column":37}},"1":{"start":{"line":12,"column":23},"end":{"line":12,"column":33}},"2":{"start":{"line":13,"column":4},"end":{"line":13,"column":17}},"3":{"start":{"line":14,"column":4},"end":{"line":14,"column":29}},"4":{"start":{"line":15,"column":4},"end":{"line":15,"column":29}},"5":{"start":{"line":16,"column":4},"end":{"line":16,"column":31}},"6":{"start":{"line":17,"column":4},"end":{"line":17,"column":29}},"7":{"start":{"line":18,"column":4},"end":{"line":18,"column":23}},"8":{"start":{"line":19,"column":4},"end":{"line":19,"column":16}},"9":{"start":{"line":22,"column":13},"end":{"line":22,"column":61}},"10":{"start":{"line":24,"column":2},"end":{"line":26,"column":4}},"11":{"start":{"line":27,"column":2},"end":{"line":29,"column":4}},"12":{"start":{"line":30,"column":2},"end":{"line":32,"column":4}},"13":{"start":{"line":34,"column":15},"end":{"line":34,"column":80}},"14":{"start":{"line":34,"column":65},"end":{"line":34,"column":78}},"15":{"start":{"line":35,"column":15},"end":{"line":35,"column":80}},"16":{"start":{"line":35,"column":65},"end":{"line":35,"column":78}},"17":{"start":{"line":37,"column":15},"end":{"line":44,"column":4}},"18":{"start":{"line":46,"column":15},"end":{"line":53,"column":4}}},"fnMap":{"0":{"name":"createUser","decl":{"start":{"line":4,"column":9},"end":{"line":4,"column":19}},"loc":{"start":{"line":10,"column":17},"end":{"line":20,"column":3}}},"1":{"name":"(anonymous_1)","decl":{"start":{"line":34,"column":57},"end":{"line":34,"column":61}},"loc":{"start":{"line":34,"column":65},"end":{"line":34,"column":78}}},"2":{"name":"(anonymous_2)","decl":{"start":{"line":35,"column":57},"end":{"line":35,"column":61}},"loc":{"start":{"line":35,"column":65},"end":{"line":35,"column":78}}}},"branchMap":{},"s":{"0":9,"1":45,"2":45,"3":45,"4":45,"5":45,"6":45,"7":45,"8":45,"9":9,"10":9,"11":9,"12":9,"13":9,"14":9,"15":9,"16":18,"17":9,"18":9},"f":{"0":45,"1":9,"2":18},"b":{}}
,"/Users/Ruediger/Dev/Code/vocab/vocab_backend/src/users/users.controller.ts": {"path":"/Users/Ruediger/Dev/Code/vocab/vocab_backend/src/users/users.controller.ts","statementMap":{"0":{"start":{"line":1,"column":0},"end":{"line":1,"column":139}},"1":{"start":{"line":2,"column":0},"end":{"line":2,"column":47}},"2":{"start":{"line":3,"column":0},"end":{"line":3,"column":54}},"3":{"start":{"line":5,"column":0},"end":{"line":5,"column":54}},"4":{"start":{"line":8,"column":0},"end":{"line":32,"column":null}},"5":{"start":{"line":9,"column":24},"end":{"line":9,"column":39}},"6":{"start":{"line":14,"column":8},"end":{"line":19,"column":null}},"7":{"start":{"line":15,"column":31},"end":{"line":15,"column":74}},"8":{"start":{"line":16,"column":12},"end":{"line":16,"column":24}},"9":{"start":{"line":18,"column":12},"end":{"line":18,"column":71}},"10":{"start":{"line":25,"column":8},"end":{"line":25,"column":57}},"11":{"start":{"line":30,"column":8},"end":{"line":30,"column":49}},"12":{"start":{"line":13,"column":4},"end":{"line":20,"column":null}},"13":{"start":{"line":24,"column":4},"end":{"line":26,"column":null}},"14":{"start":{"line":29,"column":4},"end":{"line":31,"column":null}},"15":{"start":{"line":8,"column":13},"end":{"line":32,"column":null}},"16":{"start":{"line":8,"column":13},"end":{"line":8,"column":28}}},"fnMap":{"0":{"name":"(anonymous_4)","decl":{"start":{"line":9,"column":4},"end":{"line":9,"column":24}},"loc":{"start":{"line":9,"column":51},"end":{"line":9,"column":56}}},"1":{"name":"(anonymous_5)","decl":{"start":{"line":13,"column":4},"end":{"line":13,"column":9}},"loc":{"start":{"line":13,"column":50},"end":{"line":20,"column":5}}},"2":{"name":"(anonymous_6)","decl":{"start":{"line":24,"column":4},"end":{"line":24,"column":9}},"loc":{"start":{"line":24,"column":41},"end":{"line":26,"column":5}}},"3":{"name":"(anonymous_7)","decl":{"start":{"line":29,"column":4},"end":{"line":29,"column":9}},"loc":{"start":{"line":29,"column":51},"end":{"line":31,"column":5}}}},"branchMap":{},"s":{"0":1,"1":1,"2":1,"3":1,"4":1,"5":8,"6":7,"7":7,"8":1,"9":6,"10":3,"11":2,"12":1,"13":1,"14":1,"15":1,"16":1},"f":{"0":8,"1":7,"2":3,"3":2},"b":{}}
,"/Users/Ruediger/Dev/Code/vocab/vocab_backend/src/users/dto/create-user.dto.ts": {"path":"/Users/Ruediger/Dev/Code/vocab/vocab_backend/src/users/dto/create-user.dto.ts","statementMap":{"0":{"start":{"line":1,"column":0},"end":{"line":1,"column":43}},"1":{"start":{"line":5,"column":2},"end":{"line":5,"column":null}},"2":{"start":{"line":8,"column":2},"end":{"line":8,"column":null}},"3":{"start":{"line":11,"column":2},"end":{"line":11,"column":null}},"4":{"start":{"line":14,"column":2},"end":{"line":14,"column":null}},"5":{"start":{"line":17,"column":2},"end":{"line":17,"column":null}},"6":{"start":{"line":3,"column":0},"end":{"line":3,"column":13}}},"fnMap":{},"branchMap":{},"s":{"0":2,"1":2,"2":2,"3":2,"4":2,"5":2,"6":2},"f":{},"b":{}}
,"/Users/Ruediger/Dev/Code/vocab/vocab_backend/src/vocabulary/vocabulary.controller.ts": {"path":"/Users/Ruediger/Dev/Code/vocab/vocab_backend/src/vocabulary/vocabulary.controller.ts","statementMap":{"0":{"start":{"line":1,"column":0},"end":{"line":1,"column":134}},"1":{"start":{"line":2,"column":0},"end":{"line":2,"column":54}},"2":{"start":{"line":3,"column":0},"end":{"line":3,"column":66}},"3":{"start":{"line":4,"column":0},"end":{"line":4,"column":66}},"4":{"start":{"line":6,"column":0},"end":{"line":6,"column":57}},"5":{"start":{"line":11,"column":0},"end":{"line":73,"column":null}},"6":{"start":{"line":12,"column":22},"end":{"line":12,"column":44}},"7":{"start":{"line":16,"column":23},"end":{"line":16,"column":38}},"8":{"start":{"line":17,"column":4},"end":{"line":17,"column":51}},"9":{"start":{"line":22,"column":23},"end":{"line":22,"column":38}},"10":{"start":{"line":23,"column":4},"end":{"line":23,"column":55}},"11":{"start":{"line":28,"column":23},"end":{"line":28,"column":38}},"12":{"start":{"line":29,"column":4},"end":{"line":29,"column":67}},"13":{"start":{"line":34,"column":23},"end":{"line":34,"column":38}},"14":{"start":{"line":35,"column":4},"end":{"line":35,"column":70}},"15":{"start":{"line":40,"column":23},"end":{"line":40,"column":38}},"16":{"start":{"line":41,"column":4},"end":{"line":41,"column":54}},"17":{"start":{"line":47,"column":23},"end":{"line":47,"column":38}},"18":{"start":{"line":48,"column":4},"end":{"line":48,"column":70}},"19":{"start":{"line":53,"column":23},"end":{"line":53,"column":38}},"20":{"start":{"line":54,"column":4},"end":{"line":54,"column":58}},"21":{"start":{"line":59,"column":23},"end":{"line":59,"column":38}},"22":{"start":{"line":60,"column":4},"end":{"line":60,"column":60}},"23":{"start":{"line":70,"column":23},"end":{"line":70,"column":38}},"24":{"start":{"line":71,"column":4},"end":{"line":71,"column":75}},"25":{"start":{"line":15,"column":2},"end":{"line":18,"column":null}},"26":{"start":{"line":21,"column":2},"end":{"line":24,"column":null}},"27":{"start":{"line":27,"column":2},"end":{"line":30,"column":null}},"28":{"start":{"line":33,"column":2},"end":{"line":36,"column":null}},"29":{"start":{"line":39,"column":2},"end":{"line":42,"column":null}},"30":{"start":{"line":46,"column":2},"end":{"line":49,"column":null}},"31":{"start":{"line":52,"column":2},"end":{"line":55,"column":null}},"32":{"start":{"line":58,"column":2},"end":{"line":61,"column":null}},"33":{"start":{"line":65,"column":2},"end":{"line":72,"column":null}},"34":{"start":{"line":11,"column":13},"end":{"line":73,"column":null}},"35":{"start":{"line":11,"column":13},"end":{"line":11,"column":33}}},"fnMap":{"0":{"name":"(anonymous_4)","decl":{"start":{"line":12,"column":2},"end":{"line":12,"column":22}},"loc":{"start":{"line":12,"column":61},"end":{"line":12,"column":66}}},"1":{"name":"(anonymous_5)","decl":{"start":{"line":15,"column":2},"end":{"line":15,"column":7}},"loc":{"start":{"line":15,"column":43},"end":{"line":18,"column":3}}},"2":{"name":"(anonymous_6)","decl":{"start":{"line":21,"column":2},"end":{"line":21,"column":7}},"loc":{"start":{"line":21,"column":68},"end":{"line":24,"column":3}}},"3":{"name":"(anonymous_7)","decl":{"start":{"line":27,"column":2},"end":{"line":27,"column":7}},"loc":{"start":{"line":27,"column":80},"end":{"line":30,"column":3}}},"4":{"name":"(anonymous_8)","decl":{"start":{"line":33,"column":2},"end":{"line":33,"column":7}},"loc":{"start":{"line":33,"column":83},"end":{"line":36,"column":3}}},"5":{"name":"(anonymous_9)","decl":{"start":{"line":39,"column":2},"end":{"line":39,"column":8}},"loc":{"start":{"line":39,"column":61},"end":{"line":42,"column":3}}},"6":{"name":"(anonymous_10)","decl":{"start":{"line":46,"column":2},"end":{"line":46,"column":7}},"loc":{"start":{"line":46,"column":92},"end":{"line":49,"column":3}}},"7":{"name":"(anonymous_11)","decl":{"start":{"line":52,"column":2},"end":{"line":52,"column":12}},"loc":{"start":{"line":52,"column":65},"end":{"line":55,"column":3}}},"8":{"name":"(anonymous_12)","decl":{"start":{"line":58,"column":2},"end":{"line":58,"column":14}},"loc":{"start":{"line":58,"column":67},"end":{"line":61,"column":3}}},"9":{"name":"(anonymous_13)","decl":{"start":{"line":65,"column":2},"end":{"line":65,"column":8}},"loc":{"start":{"line":68,"column":52},"end":{"line":72,"column":3}}}},"branchMap":{},"s":{"0":1,"1":1,"2":1,"3":1,"4":1,"5":1,"6":23,"7":8,"8":8,"9":14,"10":14,"11":2,"12":2,"13":2,"14":2,"15":3,"16":3,"17":1,"18":1,"19":3,"20":3,"21":3,"22":3,"23":4,"24":4,"25":1,"26":1,"27":1,"28":1,"29":1,"30":1,"31":1,"32":1,"33":1,"34":1,"35":1},"f":{"0":23,"1":8,"2":14,"3":2,"4":2,"5":3,"6":1,"7":3,"8":3,"9":4},"b":{}}
,"/Users/Ruediger/Dev/Code/vocab/vocab_backend/src/vocabulary/vocabulary.repository.mock.ts": {"path":"/Users/Ruediger/Dev/Code/vocab/vocab_backend/src/vocabulary/vocabulary.repository.mock.ts","statementMap":{"0":{"start":{"line":3,"column":0},"end":{"line":3,"column":84}},"1":{"start":{"line":6,"column":10},"end":{"line":6,"column":54}},"2":{"start":{"line":9,"column":4},"end":{"line":9,"column":76}},"3":{"start":{"line":14,"column":31},"end":{"line":14,"column":45}},"4":{"start":{"line":15,"column":4},"end":{"line":15,"column":38}},"5":{"start":{"line":20,"column":32},"end":{"line":20,"column":46}},"6":{"start":{"line":21,"column":4},"end":{"line":21,"column":30}},"7":{"start":{"line":25,"column":23},"end":{"line":25,"column":51}},"8":{"start":{"line":27,"column":4},"end":{"line":33,"column":7}},"9":{"start":{"line":28,"column":6},"end":{"line":32,"column":null}},"10":{"start":{"line":29,"column":8},"end":{"line":29,"column":20}},"11":{"start":{"line":31,"column":8},"end":{"line":31,"column":21}},"12":{"start":{"line":37,"column":23},"end":{"line":37,"column":49}},"13":{"start":{"line":38,"column":23},"end":{"line":38,"column":51}},"14":{"start":{"line":39,"column":4},"end":{"line":45,"column":7}},"15":{"start":{"line":40,"column":6},"end":{"line":44,"column":null}},"16":{"start":{"line":41,"column":8},"end":{"line":41,"column":20}},"17":{"start":{"line":43,"column":8},"end":{"line":43,"column":21}},"18":{"start":{"line":49,"column":4},"end":{"line":55,"column":7}},"19":{"start":{"line":50,"column":6},"end":{"line":54,"column":null}},"20":{"start":{"line":51,"column":8},"end":{"line":51,"column":21}},"21":{"start":{"line":53,"column":8},"end":{"line":53,"column":20}},"22":{"start":{"line":56,"column":4},"end":{"line":56,"column":11}},"23":{"start":{"line":60,"column":4},"end":{"line":60,"column":37}},"24":{"start":{"line":61,"column":4},"end":{"line":61,"column":59}},"25":{"start":{"line":62,"column":4},"end":{"line":62,"column":22}},"26":{"start":{"line":66,"column":31},"end":{"line":72,"column":6}},"27":{"start":{"line":67,"column":6},"end":{"line":71,"column":null}},"28":{"start":{"line":68,"column":8},"end":{"line":68,"column":20}},"29":{"start":{"line":70,"column":8},"end":{"line":70,"column":21}},"30":{"start":{"line":73,"column":4},"end":{"line":73,"column":28}},"31":{"start":{"line":74,"column":4},"end":{"line":74,"column":79}},"32":{"start":{"line":75,"column":4},"end":{"line":75,"column":79}},"33":{"start":{"line":76,"column":4},"end":{"line":76,"column":59}},"34":{"start":{"line":77,"column":4},"end":{"line":77,"column":35}},"35":{"start":{"line":78,"column":4},"end":{"line":78,"column":26}},"36":{"start":{"line":79,"column":4},"end":{"line":79,"column":54}},"37":{"start":{"line":5,"column":0},"end":{"line":5,"column":13}}},"fnMap":{"0":{"name":"(anonymous_0)","decl":{"start":{"line":8,"column":2},"end":{"line":8,"column":null}},"loc":{"start":{"line":8,"column":2},"end":{"line":10,"column":3}}},"1":{"name":"(anonymous_1)","decl":{"start":{"line":12,"column":2},"end":{"line":12,"column":16}},"loc":{"start":{"line":12,"column":30},"end":{"line":16,"column":3}}},"2":{"name":"(anonymous_2)","decl":{"start":{"line":18,"column":2},"end":{"line":18,"column":18}},"loc":{"start":{"line":18,"column":32},"end":{"line":22,"column":3}}},"3":{"name":"(anonymous_3)","decl":{"start":{"line":24,"column":2},"end":{"line":24,"column":7}},"loc":{"start":{"line":24,"column":26},"end":{"line":34,"column":3}}},"4":{"name":"(anonymous_4)","decl":{"start":{"line":27,"column":35},"end":{"line":27,"column":45}},"loc":{"start":{"line":27,"column":48},"end":{"line":33,"column":5}}},"5":{"name":"(anonymous_5)","decl":{"start":{"line":36,"column":2},"end":{"line":36,"column":7}},"loc":{"start":{"line":36,"column":29},"end":{"line":46,"column":3}}},"6":{"name":"(anonymous_6)","decl":{"start":{"line":39,"column":33},"end":{"line":39,"column":43}},"loc":{"start":{"line":39,"column":46},"end":{"line":45,"column":5}}},"7":{"name":"(anonymous_7)","decl":{"start":{"line":48,"column":2},"end":{"line":48,"column":7}},"loc":{"start":{"line":48,"column":25},"end":{"line":57,"column":3}}},"8":{"name":"(anonymous_8)","decl":{"start":{"line":49,"column":47},"end":{"line":49,"column":52}},"loc":{"start":{"line":49,"column":55},"end":{"line":55,"column":5}}},"9":{"name":"(anonymous_9)","decl":{"start":{"line":59,"column":2},"end":{"line":59,"column":7}},"loc":{"start":{"line":59,"column":35},"end":{"line":63,"column":3}}},"10":{"name":"(anonymous_10)","decl":{"start":{"line":65,"column":2},"end":{"line":65,"column":7}},"loc":{"start":{"line":65,"column":44},"end":{"line":80,"column":3}}},"11":{"name":"(anonymous_11)","decl":{"start":{"line":66,"column":53},"end":{"line":66,"column":63}},"loc":{"start":{"line":66,"column":66},"end":{"line":72,"column":5}}}},"branchMap":{"0":{"loc":{"start":{"line":28,"column":6},"end":{"line":32,"column":null}},"type":"if","locations":[{"start":{"line":28,"column":6},"end":{"line":32,"column":null}},{"start":{"line":28,"column":6},"end":{"line":32,"column":null}}]},"1":{"loc":{"start":{"line":40,"column":6},"end":{"line":44,"column":null}},"type":"if","locations":[{"start":{"line":40,"column":6},"end":{"line":44,"column":null}},{"start":{"line":40,"column":6},"end":{"line":44,"column":null}}]},"2":{"loc":{"start":{"line":40,"column":11},"end":{"line":40,"column":31}},"type":"binary-expr","locations":[{"start":{"line":40,"column":11},"end":{"line":40,"column":31}},{"start":{"line":40,"column":37},"end":{"line":40,"column":67}}]},"3":{"loc":{"start":{"line":50,"column":6},"end":{"line":54,"column":null}},"type":"if","locations":[{"start":{"line":50,"column":6},"end":{"line":54,"column":null}},{"start":{"line":50,"column":6},"end":{"line":54,"column":null}}]},"4":{"loc":{"start":{"line":67,"column":6},"end":{"line":71,"column":null}},"type":"if","locations":[{"start":{"line":67,"column":6},"end":{"line":71,"column":null}},{"start":{"line":67,"column":6},"end":{"line":71,"column":null}}]},"5":{"loc":{"start":{"line":74,"column":42},"end":{"line":74,"column":58}},"type":"cond-expr","locations":[{"start":{"line":74,"column":42},"end":{"line":74,"column":58}},{"start":{"line":74,"column":61},"end":{"line":74,"column":78}}]},"6":{"loc":{"start":{"line":75,"column":42},"end":{"line":75,"column":58}},"type":"cond-expr","locations":[{"start":{"line":75,"column":42},"end":{"line":75,"column":58}},{"start":{"line":75,"column":61},"end":{"line":75,"column":78}}]},"7":{"loc":{"start":{"line":76,"column":32},"end":{"line":76,"column":43}},"type":"cond-expr","locations":[{"start":{"line":76,"column":32},"end":{"line":76,"column":43}},{"start":{"line":76,"column":46},"end":{"line":76,"column":58}}]}},"s":{"0":2,"1":48,"2":48,"3":56,"4":56,"5":82,"6":82,"7":26,"8":26,"9":182,"10":156,"11":26,"12":56,"13":56,"14":56,"15":256,"16":40,"17":216,"18":18,"19":126,"20":18,"21":108,"22":18,"23":2,"24":2,"25":2,"26":16,"27":44,"28":16,"29":28,"30":16,"31":16,"32":16,"33":16,"34":16,"35":16,"36":16,"37":2},"f":{"0":48,"1":56,"2":82,"3":26,"4":182,"5":56,"6":256,"7":18,"8":126,"9":2,"10":16,"11":44},"b":{"0":[156,26],"1":[40,216],"2":[256,50],"3":[18,108],"4":[16,28],"5":[11,5],"6":[13,3],"7":[16,0]}}
,"/Users/Ruediger/Dev/Code/vocab/vocab_backend/src/vocabulary/vocabulary.service.ts": {"path":"/Users/Ruediger/Dev/Code/vocab/vocab_backend/src/vocabulary/vocabulary.service.ts","statementMap":{"0":{"start":{"line":1,"column":0},"end":{"line":1,"column":52}},"1":{"start":{"line":2,"column":0},"end":{"line":2,"column":51}},"2":{"start":{"line":3,"column":0},"end":{"line":3,"column":37}},"3":{"start":{"line":4,"column":0},"end":{"line":4,"column":60}},"4":{"start":{"line":7,"column":0},"end":{"line":7,"column":49}},"5":{"start":{"line":8,"column":0},"end":{"line":8,"column":89}},"6":{"start":{"line":12,"column":30},"end":{"line":122,"column":null}},"7":{"start":{"line":17,"column":12},"end":{"line":17,"column":37}},"8":{"start":{"line":18,"column":12},"end":{"line":18,"column":29}},"9":{"start":{"line":19,"column":12},"end":{"line":19,"column":35}},"10":{"start":{"line":13,"column":19},"end":{"line":13,"column":64}},"11":{"start":{"line":23,"column":4},"end":{"line":23,"column":66}},"12":{"start":{"line":24,"column":4},"end":{"line":24,"column":72}},"13":{"start":{"line":28,"column":4},"end":{"line":28,"column":78}},"14":{"start":{"line":29,"column":4},"end":{"line":29,"column":83}},"15":{"start":{"line":33,"column":4},"end":{"line":33,"column":77}},"16":{"start":{"line":34,"column":35},"end":{"line":34,"column":63}},"17":{"start":{"line":35,"column":4},"end":{"line":35,"column":66}},"18":{"start":{"line":35,"column":20},"end":{"line":35,"column":66}},"19":{"start":{"line":39,"column":4},"end":{"line":39,"column":128}},"20":{"start":{"line":40,"column":35},"end":{"line":40,"column":51}},"21":{"start":{"line":42,"column":4},"end":{"line":42,"column":27}},"22":{"start":{"line":43,"column":4},"end":{"line":43,"column":59}},"23":{"start":{"line":44,"column":4},"end":{"line":44,"column":59}},"24":{"start":{"line":45,"column":4},"end":{"line":45,"column":25}},"25":{"start":{"line":46,"column":4},"end":{"line":46,"column":36}},"26":{"start":{"line":48,"column":4},"end":{"line":48,"column":44}},"27":{"start":{"line":49,"column":4},"end":{"line":52,"column":6}},"28":{"start":{"line":53,"column":4},"end":{"line":53,"column":63}},"29":{"start":{"line":57,"column":4},"end":{"line":57,"column":128}},"30":{"start":{"line":58,"column":35},"end":{"line":58,"column":63}},"31":{"start":{"line":60,"column":4},"end":{"line":70,"column":null}},"32":{"start":{"line":61,"column":6},"end":{"line":61,"column":61}},"33":{"start":{"line":62,"column":6},"end":{"line":62,"column":61}},"34":{"start":{"line":63,"column":6},"end":{"line":68,"column":null}},"35":{"start":{"line":64,"column":8},"end":{"line":64,"column":53}},"36":{"start":{"line":67,"column":8},"end":{"line":67,"column":44}},"37":{"start":{"line":69,"column":6},"end":{"line":69,"column":64}},"38":{"start":{"line":74,"column":4},"end":{"line":74,"column":81}},"39":{"start":{"line":75,"column":23},"end":{"line":75,"column":51}},"40":{"start":{"line":77,"column":4},"end":{"line":91,"column":null}},"41":{"start":{"line":78,"column":6},"end":{"line":78,"column":28}},"42":{"start":{"line":80,"column":32},"end":{"line":80,"column":89}},"43":{"start":{"line":82,"column":6},"end":{"line":89,"column":null}},"44":{"start":{"line":83,"column":8},"end":{"line":83,"column":40}},"45":{"start":{"line":84,"column":8},"end":{"line":84,"column":48}},"46":{"start":{"line":85,"column":8},"end":{"line":85,"column":77}},"47":{"start":{"line":87,"column":8},"end":{"line":87,"column":29}},"48":{"start":{"line":88,"column":8},"end":{"line":88,"column":52}},"49":{"start":{"line":90,"column":6},"end":{"line":90,"column":64}},"50":{"start":{"line":95,"column":4},"end":{"line":95,"column":83}},"51":{"start":{"line":96,"column":23},"end":{"line":96,"column":51}},"52":{"start":{"line":98,"column":4},"end":{"line":106,"column":null}},"53":{"start":{"line":99,"column":6},"end":{"line":104,"column":null}},"54":{"start":{"line":100,"column":8},"end":{"line":100,"column":30}},"55":{"start":{"line":101,"column":8},"end":{"line":101,"column":40}},"56":{"start":{"line":102,"column":8},"end":{"line":102,"column":48}},"57":{"start":{"line":103,"column":8},"end":{"line":103,"column":69}},"58":{"start":{"line":105,"column":6},"end":{"line":105,"column":64}},"59":{"start":{"line":110,"column":4},"end":{"line":110,"column":90}},"60":{"start":{"line":111,"column":4},"end":{"line":111,"column":84}},"61":{"start":{"line":115,"column":4},"end":{"line":115,"column":93}},"62":{"start":{"line":116,"column":24},"end":{"line":116,"column":34}},"63":{"start":{"line":117,"column":56},"end":{"line":117,"column":96}},"64":{"start":{"line":118,"column":4},"end":{"line":120,"column":7}},"65":{"start":{"line":119,"column":6},"end":{"line":119,"column":41}},"66":{"start":{"line":12,"column":13},"end":{"line":122,"column":null}},"67":{"start":{"line":12,"column":13},"end":{"line":12,"column":30}}},"fnMap":{"0":{"name":"(anonymous_4)","decl":{"start":{"line":15,"column":2},"end":{"line":15,"column":null}},"loc":{"start":{"line":19,"column":58},"end":{"line":20,"column":7}}},"1":{"name":"(anonymous_5)","decl":{"start":{"line":22,"column":2},"end":{"line":22,"column":7}},"loc":{"start":{"line":22,"column":26},"end":{"line":25,"column":3}}},"2":{"name":"(anonymous_6)","decl":{"start":{"line":27,"column":2},"end":{"line":27,"column":9}},"loc":{"start":{"line":27,"column":32},"end":{"line":30,"column":3}}},"3":{"name":"(anonymous_7)","decl":{"start":{"line":32,"column":2},"end":{"line":32,"column":7}},"loc":{"start":{"line":32,"column":37},"end":{"line":36,"column":3}}},"4":{"name":"(anonymous_8)","decl":{"start":{"line":38,"column":2},"end":{"line":38,"column":7}},"loc":{"start":{"line":38,"column":67},"end":{"line":54,"column":3}}},"5":{"name":"(anonymous_9)","decl":{"start":{"line":56,"column":2},"end":{"line":56,"column":7}},"loc":{"start":{"line":56,"column":79},"end":{"line":71,"column":3}}},"6":{"name":"(anonymous_10)","decl":{"start":{"line":73,"column":2},"end":{"line":73,"column":7}},"loc":{"start":{"line":73,"column":41},"end":{"line":92,"column":3}}},"7":{"name":"(anonymous_11)","decl":{"start":{"line":94,"column":2},"end":{"line":94,"column":7}},"loc":{"start":{"line":94,"column":43},"end":{"line":107,"column":3}}},"8":{"name":"(anonymous_12)","decl":{"start":{"line":109,"column":2},"end":{"line":109,"column":7}},"loc":{"start":{"line":109,"column":50},"end":{"line":112,"column":3}}},"9":{"name":"(anonymous_13)","decl":{"start":{"line":114,"column":2},"end":{"line":114,"column":7}},"loc":{"start":{"line":114,"column":53},"end":{"line":121,"column":3}}},"10":{"name":"(anonymous_14)","decl":{"start":{"line":118,"column":35},"end":{"line":118,"column":40}},"loc":{"start":{"line":118,"column":43},"end":{"line":120,"column":5}}}},"branchMap":{"0":{"loc":{"start":{"line":35,"column":4},"end":{"line":35,"column":66}},"type":"if","locations":[{"start":{"line":35,"column":4},"end":{"line":35,"column":66}},{"start":{"line":35,"column":4},"end":{"line":35,"column":66}}]},"1":{"loc":{"start":{"line":60,"column":4},"end":{"line":70,"column":null}},"type":"if","locations":[{"start":{"line":60,"column":4},"end":{"line":70,"column":null}},{"start":{"line":60,"column":4},"end":{"line":70,"column":null}}]},"2":{"loc":{"start":{"line":63,"column":6},"end":{"line":68,"column":null}},"type":"if","locations":[{"start":{"line":63,"column":6},"end":{"line":68,"column":null}},{"start":{"line":63,"column":6},"end":{"line":68,"column":null}}]},"3":{"loc":{"start":{"line":63,"column":10},"end":{"line":63,"column":39}},"type":"binary-expr","locations":[{"start":{"line":63,"column":10},"end":{"line":63,"column":39}},{"start":{"line":63,"column":43},"end":{"line":63,"column":72}}]},"4":{"loc":{"start":{"line":77,"column":4},"end":{"line":91,"column":null}},"type":"if","locations":[{"start":{"line":77,"column":4},"end":{"line":91,"column":null}},{"start":{"line":77,"column":4},"end":{"line":91,"column":null}}]},"5":{"loc":{"start":{"line":82,"column":6},"end":{"line":89,"column":null}},"type":"if","locations":[{"start":{"line":82,"column":6},"end":{"line":89,"column":null}},{"start":{"line":82,"column":6},"end":{"line":89,"column":null}}]},"6":{"loc":{"start":{"line":98,"column":4},"end":{"line":106,"column":null}},"type":"if","locations":[{"start":{"line":98,"column":4},"end":{"line":106,"column":null}},{"start":{"line":98,"column":4},"end":{"line":106,"column":null}}]},"7":{"loc":{"start":{"line":99,"column":6},"end":{"line":104,"column":null}},"type":"if","locations":[{"start":{"line":99,"column":6},"end":{"line":104,"column":null}},{"start":{"line":99,"column":6},"end":{"line":104,"column":null}}]}},"s":{"0":2,"1":2,"2":2,"3":2,"4":2,"5":2,"6":2,"7":48,"8":48,"9":48,"10":48,"11":18,"12":18,"13":56,"14":56,"15":6,"16":6,"17":6,"18":2,"19":2,"20":2,"21":2,"22":2,"23":2,"24":2,"25":2,"26":2,"27":2,"28":2,"29":10,"30":10,"31":10,"32":8,"33":8,"34":8,"35":6,"36":2,"37":8,"38":6,"39":6,"40":6,"41":4,"42":4,"43":4,"44":2,"45":2,"46":2,"47":2,"48":2,"49":4,"50":6,"51":6,"52":6,"53":4,"54":1,"55":1,"56":1,"57":1,"58":4,"59":8,"60":8,"61":4,"62":4,"63":4,"64":4,"65":24,"66":2,"67":2},"f":{"0":48,"1":18,"2":56,"3":6,"4":2,"5":10,"6":6,"7":6,"8":8,"9":4,"10":24},"b":{"0":[2,4],"1":[8,2],"2":[6,2],"3":[8,7],"4":[4,2],"5":[2,2],"6":[4,2],"7":[1,3]}}
,"/Users/Ruediger/Dev/Code/vocab/vocab_backend/src/vocabulary/vocabulary.test.data.ts": {"path":"/Users/Ruediger/Dev/Code/vocab/vocab_backend/src/vocabulary/vocabulary.test.data.ts","statementMap":{"0":{"start":{"line":3,"column":0},"end":{"line":3,"column":71}},"1":{"start":{"line":4,"column":0},"end":{"line":4,"column":49}},"2":{"start":{"line":15,"column":33},"end":{"line":15,"column":49}},"3":{"start":{"line":16,"column":2},"end":{"line":16,"column":21}},"4":{"start":{"line":17,"column":2},"end":{"line":17,"column":null}},"5":{"start":{"line":18,"column":2},"end":{"line":18,"column":37}},"6":{"start":{"line":19,"column":2},"end":{"line":19,"column":37}},"7":{"start":{"line":20,"column":2},"end":{"line":20,"column":27}},"8":{"start":{"line":21,"column":2},"end":{"line":21,"column":31}},"9":{"start":{"line":22,"column":2},"end":{"line":22,"column":29}},"10":{"start":{"line":23,"column":2},"end":{"line":23,"column":20}},"11":{"start":{"line":26,"column":25},"end":{"line":26,"column":80}},"12":{"start":{"line":26,"column":64},"end":{"line":26,"column":79}},"13":{"start":{"line":27,"column":25},"end":{"line":27,"column":80}},"14":{"start":{"line":27,"column":64},"end":{"line":27,"column":79}},"15":{"start":{"line":28,"column":13},"end":{"line":28,"column":52}},"16":{"start":{"line":29,"column":13},"end":{"line":29,"column":52}},"17":{"start":{"line":31,"column":11},"end":{"line":31,"column":71}},"18":{"start":{"line":33,"column":0},"end":{"line":35,"column":2}},"19":{"start":{"line":36,"column":0},"end":{"line":38,"column":2}},"20":{"start":{"line":39,"column":0},"end":{"line":41,"column":2}},"21":{"start":{"line":42,"column":0},"end":{"line":44,"column":2}},"22":{"start":{"line":45,"column":0},"end":{"line":47,"column":2}},"23":{"start":{"line":48,"column":0},"end":{"line":50,"column":2}},"24":{"start":{"line":52,"column":0},"end":{"line":54,"column":2}},"25":{"start":{"line":56,"column":14},"end":{"line":56,"column":24}},"26":{"start":{"line":57,"column":0},"end":{"line":57,"column":26}},"27":{"start":{"line":58,"column":13},"end":{"line":66,"column":2}},"28":{"start":{"line":68,"column":13},"end":{"line":70,"column":2}},"29":{"start":{"line":69,"column":11},"end":{"line":69,"column":25}},"30":{"start":{"line":71,"column":13},"end":{"line":73,"column":2}},"31":{"start":{"line":72,"column":11},"end":{"line":72,"column":25}},"32":{"start":{"line":74,"column":13},"end":{"line":76,"column":2}},"33":{"start":{"line":75,"column":11},"end":{"line":75,"column":25}},"34":{"start":{"line":78,"column":13},"end":{"line":80,"column":2}},"35":{"start":{"line":79,"column":11},"end":{"line":79,"column":25}},"36":{"start":{"line":82,"column":13},"end":{"line":84,"column":2}},"37":{"start":{"line":83,"column":11},"end":{"line":83,"column":25}}},"fnMap":{"0":{"name":"createVocabulary","decl":{"start":{"line":6,"column":9},"end":{"line":6,"column":25}},"loc":{"start":{"line":13,"column":16},"end":{"line":24,"column":1}}},"1":{"name":"(anonymous_1)","decl":{"start":{"line":26,"column":54},"end":{"line":26,"column":60}},"loc":{"start":{"line":26,"column":64},"end":{"line":26,"column":79}}},"2":{"name":"(anonymous_2)","decl":{"start":{"line":27,"column":54},"end":{"line":27,"column":60}},"loc":{"start":{"line":27,"column":64},"end":{"line":27,"column":79}}},"3":{"name":"(anonymous_3)","decl":{"start":{"line":69,"column":2},"end":{"line":69,"column":7}},"loc":{"start":{"line":69,"column":11},"end":{"line":69,"column":25}}},"4":{"name":"(anonymous_4)","decl":{"start":{"line":72,"column":2},"end":{"line":72,"column":7}},"loc":{"start":{"line":72,"column":11},"end":{"line":72,"column":25}}},"5":{"name":"(anonymous_5)","decl":{"start":{"line":75,"column":2},"end":{"line":75,"column":7}},"loc":{"start":{"line":75,"column":11},"end":{"line":75,"column":25}}},"6":{"name":"(anonymous_6)","decl":{"start":{"line":79,"column":2},"end":{"line":79,"column":7}},"loc":{"start":{"line":79,"column":11},"end":{"line":79,"column":25}}},"7":{"name":"(anonymous_7)","decl":{"start":{"line":83,"column":2},"end":{"line":83,"column":7}},"loc":{"start":{"line":83,"column":11},"end":{"line":83,"column":25}}}},"branchMap":{},"s":{"0":2,"1":2,"2":16,"3":16,"4":16,"5":16,"6":16,"7":16,"8":16,"9":16,"10":16,"11":2,"12":2,"13":2,"14":12,"15":2,"16":2,"17":2,"18":2,"19":2,"20":2,"21":2,"22":2,"23":2,"24":2,"25":2,"26":2,"27":2,"28":2,"29":4,"30":2,"31":10,"32":2,"33":12,"34":2,"35":2,"36":2,"37":4},"f":{"0":16,"1":2,"2":12,"3":4,"4":10,"5":12,"6":2,"7":4},"b":{}}
,"/Users/Ruediger/Dev/Code/vocab/vocab_backend/src/vocabulary/dto/create-vocabulary.dto.ts": {"path":"/Users/Ruediger/Dev/Code/vocab/vocab_backend/src/vocabulary/dto/create-vocabulary.dto.ts","statementMap":{"0":{"start":{"line":1,"column":0},"end":{"line":1,"column":53}},"1":{"start":{"line":5,"column":2},"end":{"line":5,"column":null}},"2":{"start":{"line":8,"column":2},"end":{"line":8,"column":null}},"3":{"start":{"line":11,"column":2},"end":{"line":11,"column":null}},"4":{"start":{"line":3,"column":0},"end":{"line":3,"column":13}}},"fnMap":{},"branchMap":{},"s":{"0":1,"1":1,"2":1,"3":1,"4":1},"f":{},"b":{}}
,"/Users/Ruediger/Dev/Code/vocab/vocab_backend/src/vocabulary/dto/update-vocabulary.dto.ts": {"path":"/Users/Ruediger/Dev/Code/vocab/vocab_backend/src/vocabulary/dto/update-vocabulary.dto.ts","statementMap":{"0":{"start":{"line":1,"column":0},"end":{"line":1,"column":50}},"1":{"start":{"line":5,"column":2},"end":{"line":5,"column":null}},"2":{"start":{"line":8,"column":2},"end":{"line":8,"column":null}},"3":{"start":{"line":11,"column":2},"end":{"line":11,"column":null}},"4":{"start":{"line":3,"column":0},"end":{"line":3,"column":13}}},"fnMap":{},"branchMap":{},"s":{"0":1,"1":1,"2":1,"3":1,"4":1},"f":{},"b":{}}
}
