{"/Users/Ruediger/Dev/Code/vocab/backend/src/lessons/lesson.repository.mock.ts": {"path":"/Users/Ruediger/Dev/Code/vocab/backend/src/lessons/lesson.repository.mock.ts","statementMap":{"0":{"start":{"line":2,"column":0},"end":{"line":2,"column":73}},"1":{"start":{"line":6,"column":10},"end":{"line":6,"column":50}},"2":{"start":{"line":9,"column":4},"end":{"line":9,"column":72}},"3":{"start":{"line":14,"column":4},"end":{"line":14,"column":28}},"4":{"start":{"line":30,"column":4},"end":{"line":30,"column":71}},"5":{"start":{"line":30,"column":43},"end":{"line":30,"column":69}},"6":{"start":{"line":34,"column":4},"end":{"line":40,"column":7}},"7":{"start":{"line":35,"column":6},"end":{"line":39,"column":null}},"8":{"start":{"line":36,"column":8},"end":{"line":36,"column":21}},"9":{"start":{"line":38,"column":8},"end":{"line":38,"column":20}},"10":{"start":{"line":41,"column":4},"end":{"line":41,"column":11}},"11":{"start":{"line":45,"column":4},"end":{"line":45,"column":29}},"12":{"start":{"line":46,"column":4},"end":{"line":46,"column":55}},"13":{"start":{"line":47,"column":4},"end":{"line":47,"column":18}},"14":{"start":{"line":51,"column":27},"end":{"line":51,"column":49}},"15":{"start":{"line":52,"column":4},"end":{"line":52,"column":29}},"16":{"start":{"line":53,"column":4},"end":{"line":53,"column":30}},"17":{"start":{"line":54,"column":4},"end":{"line":54,"column":62}},"18":{"start":{"line":55,"column":4},"end":{"line":57,"column":26}},"19":{"start":{"line":58,"column":4},"end":{"line":60,"column":26}},"20":{"start":{"line":61,"column":4},"end":{"line":61,"column":26}},"21":{"start":{"line":62,"column":4},"end":{"line":62,"column":55}},"22":{"start":{"line":5,"column":0},"end":{"line":5,"column":13}}},"fnMap":{"0":{"name":"(anonymous_0)","decl":{"start":{"line":8,"column":2},"end":{"line":8,"column":null}},"loc":{"start":{"line":8,"column":2},"end":{"line":10,"column":3}}},"1":{"name":"(anonymous_1)","decl":{"start":{"line":12,"column":2},"end":{"line":12,"column":7}},"loc":{"start":{"line":12,"column":43},"end":{"line":27,"column":3}}},"2":{"name":"(anonymous_2)","decl":{"start":{"line":29,"column":2},"end":{"line":29,"column":7}},"loc":{"start":{"line":29,"column":26},"end":{"line":31,"column":3}}},"3":{"name":"(anonymous_3)","decl":{"start":{"line":30,"column":33},"end":{"line":30,"column":39}},"loc":{"start":{"line":30,"column":43},"end":{"line":30,"column":69}}},"4":{"name":"(anonymous_4)","decl":{"start":{"line":33,"column":2},"end":{"line":33,"column":7}},"loc":{"start":{"line":33,"column":25},"end":{"line":42,"column":3}}},"5":{"name":"(anonymous_5)","decl":{"start":{"line":34,"column":47},"end":{"line":34,"column":53}},"loc":{"start":{"line":34,"column":56},"end":{"line":40,"column":5}}},"6":{"name":"(anonymous_6)","decl":{"start":{"line":44,"column":2},"end":{"line":44,"column":7}},"loc":{"start":{"line":44,"column":27},"end":{"line":48,"column":3}}},"7":{"name":"(anonymous_7)","decl":{"start":{"line":50,"column":2},"end":{"line":50,"column":7}},"loc":{"start":{"line":50,"column":41},"end":{"line":63,"column":3}}}},"branchMap":{"0":{"loc":{"start":{"line":35,"column":6},"end":{"line":39,"column":null}},"type":"if","locations":[{"start":{"line":35,"column":6},"end":{"line":39,"column":null}},{"start":{"line":35,"column":6},"end":{"line":39,"column":null}}]},"1":{"loc":{"start":{"line":54,"column":34},"end":{"line":54,"column":46}},"type":"cond-expr","locations":[{"start":{"line":54,"column":34},"end":{"line":54,"column":46}},{"start":{"line":54,"column":49},"end":{"line":54,"column":61}}]},"2":{"loc":{"start":{"line":56,"column":8},"end":{"line":56,"column":25}},"type":"cond-expr","locations":[{"start":{"line":56,"column":8},"end":{"line":56,"column":25}},{"start":{"line":57,"column":8},"end":{"line":57,"column":25}}]},"3":{"loc":{"start":{"line":59,"column":8},"end":{"line":59,"column":25}},"type":"cond-expr","locations":[{"start":{"line":59,"column":8},"end":{"line":59,"column":25}},{"start":{"line":60,"column":8},"end":{"line":60,"column":25}}]}},"s":{"0":4,"1":44,"2":44,"3":14,"4":12,"5":36,"6":8,"7":48,"8":6,"9":42,"10":8,"11":2,"12":2,"13":2,"14":4,"15":4,"16":4,"17":4,"18":4,"19":4,"20":4,"21":4,"22":4},"f":{"0":44,"1":14,"2":12,"3":36,"4":8,"5":48,"6":2,"7":4},"b":{"0":[6,42],"1":[3,1],"2":[2,2],"3":[3,1]}}
,"/Users/Ruediger/Dev/Code/vocab/backend/src/lessons/lessons.controller.ts": {"path":"/Users/Ruediger/Dev/Code/vocab/backend/src/lessons/lessons.controller.ts","statementMap":{"0":{"start":{"line":1,"column":0},"end":{"line":1,"column":null}},"1":{"start":{"line":12,"column":0},"end":{"line":12,"column":51}},"2":{"start":{"line":14,"column":0},"end":{"line":14,"column":58}},"3":{"start":{"line":15,"column":0},"end":{"line":15,"column":58}},"4":{"start":{"line":18,"column":0},"end":{"line":47,"column":null}},"5":{"start":{"line":19,"column":22},"end":{"line":19,"column":39}},"6":{"start":{"line":23,"column":4},"end":{"line":23,"column":42}},"7":{"start":{"line":28,"column":4},"end":{"line":28,"column":44}},"8":{"start":{"line":33,"column":4},"end":{"line":33,"column":43}},"9":{"start":{"line":39,"column":4},"end":{"line":39,"column":49}},"10":{"start":{"line":45,"column":4},"end":{"line":45,"column":60}},"11":{"start":{"line":22,"column":2},"end":{"line":24,"column":null}},"12":{"start":{"line":27,"column":2},"end":{"line":29,"column":null}},"13":{"start":{"line":32,"column":2},"end":{"line":34,"column":null}},"14":{"start":{"line":38,"column":2},"end":{"line":40,"column":null}},"15":{"start":{"line":44,"column":2},"end":{"line":46,"column":null}},"16":{"start":{"line":18,"column":13},"end":{"line":47,"column":null}},"17":{"start":{"line":18,"column":13},"end":{"line":18,"column":30}}},"fnMap":{"0":{"name":"(anonymous_4)","decl":{"start":{"line":19,"column":2},"end":{"line":19,"column":22}},"loc":{"start":{"line":19,"column":53},"end":{"line":19,"column":57}}},"1":{"name":"(anonymous_5)","decl":{"start":{"line":22,"column":2},"end":{"line":22,"column":7}},"loc":{"start":{"line":22,"column":15},"end":{"line":24,"column":3}}},"2":{"name":"(anonymous_6)","decl":{"start":{"line":27,"column":2},"end":{"line":27,"column":7}},"loc":{"start":{"line":27,"column":39},"end":{"line":29,"column":3}}},"3":{"name":"(anonymous_7)","decl":{"start":{"line":32,"column":2},"end":{"line":32,"column":8}},"loc":{"start":{"line":32,"column":32},"end":{"line":34,"column":3}}},"4":{"name":"(anonymous_8)","decl":{"start":{"line":38,"column":2},"end":{"line":38,"column":7}},"loc":{"start":{"line":38,"column":55},"end":{"line":40,"column":3}}},"5":{"name":"(anonymous_9)","decl":{"start":{"line":44,"column":2},"end":{"line":44,"column":8}},"loc":{"start":{"line":44,"column":74},"end":{"line":46,"column":3}}}},"branchMap":{},"s":{"0":1,"1":1,"2":1,"3":1,"4":1,"5":8,"6":6,"7":3,"8":2,"9":1,"10":1,"11":1,"12":1,"13":1,"14":1,"15":1,"16":1,"17":1},"f":{"0":8,"1":6,"2":3,"3":2,"4":1,"5":1},"b":{}}
,"/Users/Ruediger/Dev/Code/vocab/backend/src/lessons/lessons.service.ts": {"path":"/Users/Ruediger/Dev/Code/vocab/backend/src/lessons/lessons.service.ts","statementMap":{"0":{"start":{"line":1,"column":0},"end":{"line":1,"column":44}},"1":{"start":{"line":2,"column":0},"end":{"line":2,"column":41}},"2":{"start":{"line":3,"column":0},"end":{"line":3,"column":51}},"3":{"start":{"line":4,"column":0},"end":{"line":4,"column":37}},"4":{"start":{"line":9,"column":0},"end":{"line":45,"column":null}},"5":{"start":{"line":12,"column":12},"end":{"line":12,"column":31}},"6":{"start":{"line":16,"column":4},"end":{"line":16,"column":41}},"7":{"start":{"line":20,"column":4},"end":{"line":20,"column":46}},"8":{"start":{"line":24,"column":4},"end":{"line":24,"column":44}},"9":{"start":{"line":28,"column":19},"end":{"line":28,"column":31}},"10":{"start":{"line":29,"column":4},"end":{"line":29,"column":39}},"11":{"start":{"line":30,"column":4},"end":{"line":30,"column":41}},"12":{"start":{"line":31,"column":4},"end":{"line":31,"column":51}},"13":{"start":{"line":32,"column":4},"end":{"line":32,"column":51}},"14":{"start":{"line":34,"column":4},"end":{"line":34,"column":53}},"15":{"start":{"line":38,"column":19},"end":{"line":38,"column":31}},"16":{"start":{"line":39,"column":4},"end":{"line":40,"column":55}},"17":{"start":{"line":41,"column":4},"end":{"line":41,"column":51}},"18":{"start":{"line":43,"column":4},"end":{"line":43,"column":52}},"19":{"start":{"line":9,"column":13},"end":{"line":45,"column":null}},"20":{"start":{"line":9,"column":13},"end":{"line":9,"column":27}}},"fnMap":{"0":{"name":"(anonymous_4)","decl":{"start":{"line":10,"column":2},"end":{"line":10,"column":null}},"loc":{"start":{"line":12,"column":49},"end":{"line":13,"column":6}}},"1":{"name":"(anonymous_5)","decl":{"start":{"line":15,"column":2},"end":{"line":15,"column":7}},"loc":{"start":{"line":15,"column":15},"end":{"line":17,"column":3}}},"2":{"name":"(anonymous_6)","decl":{"start":{"line":19,"column":2},"end":{"line":19,"column":7}},"loc":{"start":{"line":19,"column":26},"end":{"line":21,"column":3}}},"3":{"name":"(anonymous_7)","decl":{"start":{"line":23,"column":2},"end":{"line":23,"column":7}},"loc":{"start":{"line":23,"column":25},"end":{"line":25,"column":3}}},"4":{"name":"(anonymous_8)","decl":{"start":{"line":27,"column":2},"end":{"line":27,"column":7}},"loc":{"start":{"line":27,"column":47},"end":{"line":35,"column":3}}},"5":{"name":"(anonymous_9)","decl":{"start":{"line":37,"column":2},"end":{"line":37,"column":7}},"loc":{"start":{"line":37,"column":59},"end":{"line":44,"column":3}}}},"branchMap":{},"s":{"0":4,"1":4,"2":4,"3":4,"4":4,"5":44,"6":14,"7":8,"8":4,"9":2,"10":2,"11":2,"12":2,"13":2,"14":2,"15":4,"16":4,"17":4,"18":4,"19":4,"20":4},"f":{"0":44,"1":14,"2":8,"3":4,"4":2,"5":4},"b":{}}
,"/Users/Ruediger/Dev/Code/vocab/backend/src/lessons/lessons.test.data.ts": {"path":"/Users/Ruediger/Dev/Code/vocab/backend/src/lessons/lessons.test.data.ts","statementMap":{"0":{"start":{"line":1,"column":0},"end":{"line":1,"column":41}},"1":{"start":{"line":10,"column":25},"end":{"line":10,"column":37}},"2":{"start":{"line":11,"column":2},"end":{"line":11,"column":17}},"3":{"start":{"line":12,"column":2},"end":{"line":12,"column":21}},"4":{"start":{"line":13,"column":2},"end":{"line":13,"column":23}},"5":{"start":{"line":14,"column":2},"end":{"line":14,"column":33}},"6":{"start":{"line":15,"column":2},"end":{"line":15,"column":33}},"7":{"start":{"line":16,"column":2},"end":{"line":16,"column":16}},"8":{"start":{"line":19,"column":11},"end":{"line":19,"column":63}},"9":{"start":{"line":21,"column":0},"end":{"line":23,"column":2}},"10":{"start":{"line":24,"column":0},"end":{"line":26,"column":2}},"11":{"start":{"line":27,"column":0},"end":{"line":29,"column":2}},"12":{"start":{"line":30,"column":0},"end":{"line":32,"column":2}},"13":{"start":{"line":33,"column":0},"end":{"line":35,"column":2}},"14":{"start":{"line":36,"column":0},"end":{"line":38,"column":2}},"15":{"start":{"line":40,"column":13},"end":{"line":46,"column":2}},"16":{"start":{"line":48,"column":13},"end":{"line":50,"column":2}},"17":{"start":{"line":49,"column":12},"end":{"line":49,"column":27}}},"fnMap":{"0":{"name":"createLesson","decl":{"start":{"line":3,"column":9},"end":{"line":3,"column":21}},"loc":{"start":{"line":8,"column":20},"end":{"line":17,"column":1}}},"1":{"name":"(anonymous_1)","decl":{"start":{"line":49,"column":2},"end":{"line":49,"column":8}},"loc":{"start":{"line":49,"column":12},"end":{"line":49,"column":27}}}},"branchMap":{},"s":{"0":4,"1":28,"2":28,"3":28,"4":28,"5":28,"6":28,"7":28,"8":4,"9":4,"10":4,"11":4,"12":4,"13":4,"14":4,"15":4,"16":4,"17":8},"f":{"0":28,"1":8},"b":{}}
,"/Users/Ruediger/Dev/Code/vocab/backend/src/lessons/dto/create-lesson.dto.ts": {"path":"/Users/Ruediger/Dev/Code/vocab/backend/src/lessons/dto/create-lesson.dto.ts","statementMap":{"0":{"start":{"line":1,"column":0},"end":{"line":1,"column":43}},"1":{"start":{"line":5,"column":2},"end":{"line":5,"column":null}},"2":{"start":{"line":8,"column":2},"end":{"line":8,"column":null}},"3":{"start":{"line":11,"column":2},"end":{"line":11,"column":null}},"4":{"start":{"line":14,"column":2},"end":{"line":14,"column":null}},"5":{"start":{"line":3,"column":0},"end":{"line":3,"column":13}}},"fnMap":{},"branchMap":{},"s":{"0":1,"1":1,"2":1,"3":1,"4":1,"5":1},"f":{},"b":{}}
,"/Users/Ruediger/Dev/Code/vocab/backend/src/lessons/dto/update-lesson.dto.ts": {"path":"/Users/Ruediger/Dev/Code/vocab/backend/src/lessons/dto/update-lesson.dto.ts","statementMap":{"0":{"start":{"line":1,"column":0},"end":{"line":1,"column":43}},"1":{"start":{"line":5,"column":2},"end":{"line":5,"column":null}},"2":{"start":{"line":8,"column":2},"end":{"line":8,"column":null}},"3":{"start":{"line":11,"column":2},"end":{"line":11,"column":null}},"4":{"start":{"line":3,"column":0},"end":{"line":3,"column":13}}},"fnMap":{},"branchMap":{},"s":{"0":1,"1":1,"2":1,"3":1,"4":1},"f":{},"b":{}}
,"/Users/Ruediger/Dev/Code/vocab/backend/src/vocabularies/vocabularies.controller.ts": {"path":"/Users/Ruediger/Dev/Code/vocab/backend/src/vocabularies/vocabularies.controller.ts","statementMap":{"0":{"start":{"line":1,"column":0},"end":{"line":1,"column":null}},"1":{"start":{"line":12,"column":0},"end":{"line":12,"column":61}},"2":{"start":{"line":14,"column":0},"end":{"line":14,"column":66}},"3":{"start":{"line":15,"column":0},"end":{"line":15,"column":66}},"4":{"start":{"line":18,"column":0},"end":{"line":60,"column":null}},"5":{"start":{"line":19,"column":22},"end":{"line":19,"column":44}},"6":{"start":{"line":23,"column":4},"end":{"line":23,"column":47}},"7":{"start":{"line":28,"column":4},"end":{"line":28,"column":49}},"8":{"start":{"line":33,"column":4},"end":{"line":33,"column":48}},"9":{"start":{"line":39,"column":4},"end":{"line":39,"column":64}},"10":{"start":{"line":44,"column":4},"end":{"line":44,"column":52}},"11":{"start":{"line":49,"column":4},"end":{"line":49,"column":54}},"12":{"start":{"line":58,"column":4},"end":{"line":58,"column":69}},"13":{"start":{"line":22,"column":2},"end":{"line":24,"column":null}},"14":{"start":{"line":27,"column":2},"end":{"line":29,"column":null}},"15":{"start":{"line":32,"column":2},"end":{"line":34,"column":null}},"16":{"start":{"line":38,"column":2},"end":{"line":40,"column":null}},"17":{"start":{"line":43,"column":2},"end":{"line":45,"column":null}},"18":{"start":{"line":48,"column":2},"end":{"line":50,"column":null}},"19":{"start":{"line":54,"column":2},"end":{"line":59,"column":null}},"20":{"start":{"line":18,"column":13},"end":{"line":60,"column":null}},"21":{"start":{"line":18,"column":13},"end":{"line":18,"column":35}}},"fnMap":{"0":{"name":"(anonymous_4)","decl":{"start":{"line":19,"column":2},"end":{"line":19,"column":22}},"loc":{"start":{"line":19,"column":63},"end":{"line":19,"column":67}}},"1":{"name":"(anonymous_5)","decl":{"start":{"line":22,"column":2},"end":{"line":22,"column":7}},"loc":{"start":{"line":22,"column":15},"end":{"line":24,"column":3}}},"2":{"name":"(anonymous_6)","decl":{"start":{"line":27,"column":2},"end":{"line":27,"column":7}},"loc":{"start":{"line":27,"column":39},"end":{"line":29,"column":3}}},"3":{"name":"(anonymous_7)","decl":{"start":{"line":32,"column":2},"end":{"line":32,"column":8}},"loc":{"start":{"line":32,"column":32},"end":{"line":34,"column":3}}},"4":{"name":"(anonymous_8)","decl":{"start":{"line":38,"column":2},"end":{"line":38,"column":7}},"loc":{"start":{"line":38,"column":63},"end":{"line":40,"column":3}}},"5":{"name":"(anonymous_9)","decl":{"start":{"line":43,"column":2},"end":{"line":43,"column":12}},"loc":{"start":{"line":43,"column":36},"end":{"line":45,"column":3}}},"6":{"name":"(anonymous_10)","decl":{"start":{"line":48,"column":2},"end":{"line":48,"column":14}},"loc":{"start":{"line":48,"column":38},"end":{"line":50,"column":3}}},"7":{"name":"(anonymous_11)","decl":{"start":{"line":54,"column":2},"end":{"line":54,"column":8}},"loc":{"start":{"line":56,"column":52},"end":{"line":59,"column":3}}}},"branchMap":{},"s":{"0":1,"1":1,"2":1,"3":1,"4":1,"5":10,"6":6,"7":5,"8":2,"9":1,"10":1,"11":1,"12":1,"13":1,"14":1,"15":1,"16":1,"17":1,"18":1,"19":1,"20":1,"21":1},"f":{"0":10,"1":6,"2":5,"3":2,"4":1,"5":1,"6":1,"7":1},"b":{}}
,"/Users/Ruediger/Dev/Code/vocab/backend/src/vocabularies/vocabularies.service.ts": {"path":"/Users/Ruediger/Dev/Code/vocab/backend/src/vocabularies/vocabularies.service.ts","statementMap":{"0":{"start":{"line":1,"column":0},"end":{"line":1,"column":44}},"1":{"start":{"line":2,"column":0},"end":{"line":2,"column":51}},"2":{"start":{"line":3,"column":0},"end":{"line":3,"column":54}},"3":{"start":{"line":4,"column":0},"end":{"line":4,"column":49}},"4":{"start":{"line":7,"column":0},"end":{"line":7,"column":60}},"5":{"start":{"line":10,"column":0},"end":{"line":79,"column":null}},"6":{"start":{"line":13,"column":12},"end":{"line":13,"column":37}},"7":{"start":{"line":14,"column":12},"end":{"line":14,"column":29}},"8":{"start":{"line":18,"column":4},"end":{"line":18,"column":47}},"9":{"start":{"line":22,"column":4},"end":{"line":22,"column":52}},"10":{"start":{"line":26,"column":4},"end":{"line":26,"column":50}},"11":{"start":{"line":30,"column":23},"end":{"line":30,"column":39}},"12":{"start":{"line":32,"column":4},"end":{"line":32,"column":59}},"13":{"start":{"line":33,"column":4},"end":{"line":33,"column":59}},"14":{"start":{"line":34,"column":4},"end":{"line":34,"column":25}},"15":{"start":{"line":35,"column":4},"end":{"line":35,"column":36}},"16":{"start":{"line":36,"column":4},"end":{"line":36,"column":41}},"17":{"start":{"line":37,"column":4},"end":{"line":39,"column":6}},"18":{"start":{"line":40,"column":4},"end":{"line":40,"column":63}},"19":{"start":{"line":47,"column":23},"end":{"line":47,"column":39}},"20":{"start":{"line":48,"column":4},"end":{"line":48,"column":59}},"21":{"start":{"line":49,"column":4},"end":{"line":49,"column":59}},"22":{"start":{"line":50,"column":4},"end":{"line":55,"column":null}},"23":{"start":{"line":51,"column":6},"end":{"line":51,"column":51}},"24":{"start":{"line":54,"column":6},"end":{"line":54,"column":42}},"25":{"start":{"line":57,"column":4},"end":{"line":57,"column":62}},"26":{"start":{"line":61,"column":23},"end":{"line":61,"column":45}},"27":{"start":{"line":62,"column":4},"end":{"line":65,"column":null}},"28":{"start":{"line":63,"column":6},"end":{"line":63,"column":28}},"29":{"start":{"line":64,"column":6},"end":{"line":64,"column":67}},"30":{"start":{"line":67,"column":4},"end":{"line":67,"column":62}},"31":{"start":{"line":71,"column":23},"end":{"line":71,"column":45}},"32":{"start":{"line":72,"column":4},"end":{"line":75,"column":null}},"33":{"start":{"line":73,"column":6},"end":{"line":73,"column":28}},"34":{"start":{"line":74,"column":6},"end":{"line":74,"column":67}},"35":{"start":{"line":77,"column":4},"end":{"line":77,"column":62}},"36":{"start":{"line":10,"column":13},"end":{"line":79,"column":null}},"37":{"start":{"line":10,"column":13},"end":{"line":10,"column":32}}},"fnMap":{"0":{"name":"(anonymous_4)","decl":{"start":{"line":11,"column":2},"end":{"line":11,"column":null}},"loc":{"start":{"line":14,"column":43},"end":{"line":15,"column":6}}},"1":{"name":"(anonymous_5)","decl":{"start":{"line":17,"column":2},"end":{"line":17,"column":7}},"loc":{"start":{"line":17,"column":15},"end":{"line":19,"column":3}}},"2":{"name":"(anonymous_6)","decl":{"start":{"line":21,"column":2},"end":{"line":21,"column":9}},"loc":{"start":{"line":21,"column":20},"end":{"line":23,"column":3}}},"3":{"name":"(anonymous_7)","decl":{"start":{"line":25,"column":2},"end":{"line":25,"column":7}},"loc":{"start":{"line":25,"column":25},"end":{"line":27,"column":3}}},"4":{"name":"(anonymous_8)","decl":{"start":{"line":29,"column":2},"end":{"line":29,"column":7}},"loc":{"start":{"line":29,"column":55},"end":{"line":41,"column":3}}},"5":{"name":"(anonymous_9)","decl":{"start":{"line":43,"column":2},"end":{"line":43,"column":7}},"loc":{"start":{"line":45,"column":44},"end":{"line":58,"column":3}}},"6":{"name":"(anonymous_10)","decl":{"start":{"line":60,"column":2},"end":{"line":60,"column":7}},"loc":{"start":{"line":60,"column":29},"end":{"line":68,"column":3}}},"7":{"name":"(anonymous_11)","decl":{"start":{"line":70,"column":2},"end":{"line":70,"column":7}},"loc":{"start":{"line":70,"column":31},"end":{"line":78,"column":3}}}},"branchMap":{"0":{"loc":{"start":{"line":50,"column":4},"end":{"line":55,"column":null}},"type":"if","locations":[{"start":{"line":50,"column":4},"end":{"line":55,"column":null}},{"start":{"line":50,"column":4},"end":{"line":55,"column":null}}]},"1":{"loc":{"start":{"line":50,"column":8},"end":{"line":50,"column":37}},"type":"binary-expr","locations":[{"start":{"line":50,"column":8},"end":{"line":50,"column":37}},{"start":{"line":50,"column":41},"end":{"line":50,"column":70}}]},"2":{"loc":{"start":{"line":62,"column":4},"end":{"line":65,"column":null}},"type":"if","locations":[{"start":{"line":62,"column":4},"end":{"line":65,"column":null}},{"start":{"line":62,"column":4},"end":{"line":65,"column":null}}]},"3":{"loc":{"start":{"line":72,"column":4},"end":{"line":75,"column":null}},"type":"if","locations":[{"start":{"line":72,"column":4},"end":{"line":75,"column":null}},{"start":{"line":72,"column":4},"end":{"line":75,"column":null}}]}},"s":{"0":2,"1":2,"2":2,"3":2,"4":2,"5":2,"6":26,"7":26,"8":16,"9":18,"10":4,"11":2,"12":2,"13":2,"14":2,"15":2,"16":2,"17":2,"18":2,"19":6,"20":6,"21":6,"22":6,"23":4,"24":2,"25":6,"26":3,"27":3,"28":2,"29":2,"30":3,"31":3,"32":3,"33":2,"34":2,"35":3,"36":2,"37":2},"f":{"0":26,"1":16,"2":18,"3":4,"4":2,"5":6,"6":3,"7":3},"b":{"0":[4,2],"1":[6,5],"2":[2,1],"3":[2,1]}}
,"/Users/Ruediger/Dev/Code/vocab/backend/src/vocabularies/vocabularies.test.data.ts": {"path":"/Users/Ruediger/Dev/Code/vocab/backend/src/vocabularies/vocabularies.test.data.ts","statementMap":{"0":{"start":{"line":1,"column":0},"end":{"line":1,"column":49}},"1":{"start":{"line":3,"column":0},"end":{"line":3,"column":71}},"2":{"start":{"line":13,"column":33},"end":{"line":13,"column":49}},"3":{"start":{"line":14,"column":2},"end":{"line":14,"column":21}},"4":{"start":{"line":15,"column":2},"end":{"line":15,"column":37}},"5":{"start":{"line":16,"column":2},"end":{"line":16,"column":37}},"6":{"start":{"line":17,"column":2},"end":{"line":17,"column":27}},"7":{"start":{"line":18,"column":2},"end":{"line":18,"column":31}},"8":{"start":{"line":19,"column":2},"end":{"line":19,"column":29}},"9":{"start":{"line":20,"column":2},"end":{"line":20,"column":20}},"10":{"start":{"line":23,"column":23},"end":{"line":23,"column":78}},"11":{"start":{"line":23,"column":62},"end":{"line":23,"column":77}},"12":{"start":{"line":25,"column":11},"end":{"line":25,"column":71}},"13":{"start":{"line":27,"column":0},"end":{"line":29,"column":2}},"14":{"start":{"line":30,"column":0},"end":{"line":32,"column":2}},"15":{"start":{"line":33,"column":0},"end":{"line":35,"column":2}},"16":{"start":{"line":36,"column":0},"end":{"line":38,"column":2}},"17":{"start":{"line":39,"column":0},"end":{"line":41,"column":2}},"18":{"start":{"line":42,"column":0},"end":{"line":44,"column":2}},"19":{"start":{"line":46,"column":14},"end":{"line":46,"column":24}},"20":{"start":{"line":47,"column":0},"end":{"line":47,"column":26}},"21":{"start":{"line":48,"column":13},"end":{"line":55,"column":2}},"22":{"start":{"line":57,"column":13},"end":{"line":59,"column":2}},"23":{"start":{"line":58,"column":11},"end":{"line":58,"column":25}},"24":{"start":{"line":60,"column":13},"end":{"line":62,"column":2}},"25":{"start":{"line":61,"column":11},"end":{"line":61,"column":25}},"26":{"start":{"line":63,"column":13},"end":{"line":65,"column":2}},"27":{"start":{"line":64,"column":11},"end":{"line":64,"column":25}},"28":{"start":{"line":67,"column":13},"end":{"line":69,"column":2}},"29":{"start":{"line":68,"column":11},"end":{"line":68,"column":25}},"30":{"start":{"line":71,"column":13},"end":{"line":73,"column":2}},"31":{"start":{"line":72,"column":11},"end":{"line":72,"column":25}}},"fnMap":{"0":{"name":"createVocabulary","decl":{"start":{"line":5,"column":9},"end":{"line":5,"column":25}},"loc":{"start":{"line":11,"column":16},"end":{"line":21,"column":1}}},"1":{"name":"(anonymous_1)","decl":{"start":{"line":23,"column":52},"end":{"line":23,"column":58}},"loc":{"start":{"line":23,"column":62},"end":{"line":23,"column":77}}},"2":{"name":"(anonymous_2)","decl":{"start":{"line":58,"column":2},"end":{"line":58,"column":7}},"loc":{"start":{"line":58,"column":11},"end":{"line":58,"column":25}}},"3":{"name":"(anonymous_3)","decl":{"start":{"line":61,"column":2},"end":{"line":61,"column":7}},"loc":{"start":{"line":61,"column":11},"end":{"line":61,"column":25}}},"4":{"name":"(anonymous_4)","decl":{"start":{"line":64,"column":2},"end":{"line":64,"column":7}},"loc":{"start":{"line":64,"column":11},"end":{"line":64,"column":25}}},"5":{"name":"(anonymous_5)","decl":{"start":{"line":68,"column":2},"end":{"line":68,"column":7}},"loc":{"start":{"line":68,"column":11},"end":{"line":68,"column":25}}},"6":{"name":"(anonymous_6)","decl":{"start":{"line":72,"column":2},"end":{"line":72,"column":7}},"loc":{"start":{"line":72,"column":11},"end":{"line":72,"column":25}}}},"branchMap":{},"s":{"0":2,"1":2,"2":14,"3":14,"4":14,"5":14,"6":14,"7":14,"8":14,"9":14,"10":2,"11":2,"12":2,"13":2,"14":2,"15":2,"16":2,"17":2,"18":2,"19":2,"20":2,"21":2,"22":2,"23":4,"24":2,"25":10,"26":2,"27":12,"28":2,"29":2,"30":2,"31":4},"f":{"0":14,"1":2,"2":4,"3":10,"4":12,"5":2,"6":4},"b":{}}
,"/Users/Ruediger/Dev/Code/vocab/backend/src/vocabularies/vocabulary.repository.mock.ts": {"path":"/Users/Ruediger/Dev/Code/vocab/backend/src/vocabularies/vocabulary.repository.mock.ts","statementMap":{"0":{"start":{"line":2,"column":0},"end":{"line":2,"column":null}},"1":{"start":{"line":9,"column":10},"end":{"line":9,"column":54}},"2":{"start":{"line":12,"column":4},"end":{"line":12,"column":76}},"3":{"start":{"line":34,"column":4},"end":{"line":34,"column":53}},"4":{"start":{"line":34,"column":39},"end":{"line":34,"column":51}},"5":{"start":{"line":38,"column":4},"end":{"line":38,"column":69}},"6":{"start":{"line":38,"column":42},"end":{"line":38,"column":67}},"7":{"start":{"line":42,"column":4},"end":{"line":48,"column":7}},"8":{"start":{"line":43,"column":6},"end":{"line":47,"column":null}},"9":{"start":{"line":44,"column":8},"end":{"line":44,"column":21}},"10":{"start":{"line":46,"column":8},"end":{"line":46,"column":20}},"11":{"start":{"line":49,"column":4},"end":{"line":49,"column":11}},"12":{"start":{"line":53,"column":4},"end":{"line":53,"column":37}},"13":{"start":{"line":54,"column":4},"end":{"line":54,"column":59}},"14":{"start":{"line":55,"column":4},"end":{"line":55,"column":22}},"15":{"start":{"line":59,"column":31},"end":{"line":59,"column":53}},"16":{"start":{"line":60,"column":4},"end":{"line":60,"column":28}},"17":{"start":{"line":61,"column":4},"end":{"line":61,"column":79}},"18":{"start":{"line":62,"column":4},"end":{"line":62,"column":79}},"19":{"start":{"line":63,"column":4},"end":{"line":63,"column":59}},"20":{"start":{"line":64,"column":4},"end":{"line":64,"column":35}},"21":{"start":{"line":65,"column":4},"end":{"line":65,"column":26}},"22":{"start":{"line":66,"column":4},"end":{"line":66,"column":54}},"23":{"start":{"line":8,"column":0},"end":{"line":8,"column":13}}},"fnMap":{"0":{"name":"(anonymous_0)","decl":{"start":{"line":11,"column":2},"end":{"line":11,"column":null}},"loc":{"start":{"line":11,"column":2},"end":{"line":13,"column":3}}},"1":{"name":"(anonymous_1)","decl":{"start":{"line":33,"column":2},"end":{"line":33,"column":7}},"loc":{"start":{"line":33,"column":12},"end":{"line":35,"column":3}}},"2":{"name":"(anonymous_2)","decl":{"start":{"line":34,"column":32},"end":{"line":34,"column":35}},"loc":{"start":{"line":34,"column":39},"end":{"line":34,"column":51}}},"3":{"name":"(anonymous_3)","decl":{"start":{"line":37,"column":2},"end":{"line":37,"column":7}},"loc":{"start":{"line":37,"column":26},"end":{"line":39,"column":3}}},"4":{"name":"(anonymous_4)","decl":{"start":{"line":38,"column":33},"end":{"line":38,"column":38}},"loc":{"start":{"line":38,"column":42},"end":{"line":38,"column":67}}},"5":{"name":"(anonymous_5)","decl":{"start":{"line":41,"column":2},"end":{"line":41,"column":7}},"loc":{"start":{"line":41,"column":25},"end":{"line":50,"column":3}}},"6":{"name":"(anonymous_6)","decl":{"start":{"line":42,"column":47},"end":{"line":42,"column":52}},"loc":{"start":{"line":42,"column":55},"end":{"line":48,"column":5}}},"7":{"name":"(anonymous_7)","decl":{"start":{"line":52,"column":2},"end":{"line":52,"column":7}},"loc":{"start":{"line":52,"column":35},"end":{"line":56,"column":3}}},"8":{"name":"(anonymous_8)","decl":{"start":{"line":58,"column":2},"end":{"line":58,"column":7}},"loc":{"start":{"line":58,"column":44},"end":{"line":67,"column":3}}}},"branchMap":{"0":{"loc":{"start":{"line":43,"column":6},"end":{"line":47,"column":null}},"type":"if","locations":[{"start":{"line":43,"column":6},"end":{"line":47,"column":null}},{"start":{"line":43,"column":6},"end":{"line":47,"column":null}}]},"1":{"loc":{"start":{"line":61,"column":42},"end":{"line":61,"column":58}},"type":"cond-expr","locations":[{"start":{"line":61,"column":42},"end":{"line":61,"column":58}},{"start":{"line":61,"column":61},"end":{"line":61,"column":78}}]},"2":{"loc":{"start":{"line":62,"column":42},"end":{"line":62,"column":58}},"type":"cond-expr","locations":[{"start":{"line":62,"column":42},"end":{"line":62,"column":58}},{"start":{"line":62,"column":61},"end":{"line":62,"column":78}}]},"3":{"loc":{"start":{"line":63,"column":32},"end":{"line":63,"column":43}},"type":"cond-expr","locations":[{"start":{"line":63,"column":32},"end":{"line":63,"column":43}},{"start":{"line":63,"column":46},"end":{"line":63,"column":58}}]}},"s":{"0":2,"1":26,"2":26,"3":16,"4":96,"5":30,"6":108,"7":16,"8":96,"9":14,"10":82,"11":16,"12":2,"13":2,"14":2,"15":12,"16":12,"17":12,"18":12,"19":12,"20":12,"21":12,"22":12,"23":2},"f":{"0":26,"1":16,"2":96,"3":30,"4":108,"5":16,"6":96,"7":2,"8":12},"b":{"0":[14,82],"1":[10,2],"2":[11,1],"3":[10,2]}}
,"/Users/Ruediger/Dev/Code/vocab/backend/src/vocabularies/dto/create-vocabulary.dto.ts": {"path":"/Users/Ruediger/Dev/Code/vocab/backend/src/vocabularies/dto/create-vocabulary.dto.ts","statementMap":{"0":{"start":{"line":1,"column":0},"end":{"line":1,"column":53}},"1":{"start":{"line":5,"column":2},"end":{"line":5,"column":null}},"2":{"start":{"line":8,"column":2},"end":{"line":8,"column":null}},"3":{"start":{"line":11,"column":2},"end":{"line":11,"column":null}},"4":{"start":{"line":3,"column":0},"end":{"line":3,"column":13}}},"fnMap":{},"branchMap":{},"s":{"0":1,"1":1,"2":1,"3":1,"4":1},"f":{},"b":{}}
,"/Users/Ruediger/Dev/Code/vocab/backend/src/vocabularies/dto/update-vocabulary.dto.ts": {"path":"/Users/Ruediger/Dev/Code/vocab/backend/src/vocabularies/dto/update-vocabulary.dto.ts","statementMap":{"0":{"start":{"line":1,"column":0},"end":{"line":1,"column":50}},"1":{"start":{"line":5,"column":2},"end":{"line":5,"column":null}},"2":{"start":{"line":8,"column":2},"end":{"line":8,"column":null}},"3":{"start":{"line":11,"column":2},"end":{"line":11,"column":null}},"4":{"start":{"line":3,"column":0},"end":{"line":3,"column":13}}},"fnMap":{},"branchMap":{},"s":{"0":1,"1":1,"2":1,"3":1,"4":1},"f":{},"b":{}}
}
