TN:
SF:src/lessons/lesson.repository.mock.ts
FN:8,(anonymous_0)
FN:12,(anonymous_1)
FN:29,(anonymous_2)
FN:30,(anonymous_3)
FN:33,(anonymous_4)
FN:34,(anonymous_5)
FN:44,(anonymous_6)
FN:50,(anonymous_7)
FNF:8
FNH:8
FNDA:44,(anonymous_0)
FNDA:14,(anonymous_1)
FNDA:12,(anonymous_2)
FNDA:36,(anonymous_3)
FNDA:8,(anonymous_4)
FNDA:48,(anonymous_5)
FNDA:2,(anonymous_6)
FNDA:4,(anonymous_7)
DA:2,4
DA:5,4
DA:6,44
DA:9,44
DA:14,14
DA:30,36
DA:34,8
DA:35,48
DA:36,6
DA:38,42
DA:41,8
DA:45,2
DA:46,2
DA:47,2
DA:51,4
DA:52,4
DA:53,4
DA:54,4
DA:55,4
DA:58,4
DA:61,4
DA:62,4
LF:22
LH:22
BRDA:35,0,0,6
BRDA:35,0,1,42
BRDA:54,1,0,3
BRDA:54,1,1,1
BRDA:56,2,0,2
BRDA:56,2,1,2
BRDA:59,3,0,3
BRDA:59,3,1,1
BRF:8
BRH:8
end_of_record
TN:
SF:src/lessons/lessons.controller.ts
FN:19,(anonymous_4)
FN:22,(anonymous_5)
FN:27,(anonymous_6)
FN:32,(anonymous_7)
FN:38,(anonymous_8)
FN:44,(anonymous_9)
FNF:6
FNH:6
FNDA:8,(anonymous_4)
FNDA:6,(anonymous_5)
FNDA:3,(anonymous_6)
FNDA:2,(anonymous_7)
FNDA:1,(anonymous_8)
FNDA:1,(anonymous_9)
DA:1,1
DA:12,1
DA:14,1
DA:15,1
DA:18,1
DA:19,8
DA:22,1
DA:23,6
DA:27,1
DA:28,3
DA:32,1
DA:33,2
DA:38,1
DA:39,1
DA:44,1
DA:45,1
LF:16
LH:16
BRF:0
BRH:0
end_of_record
TN:
SF:src/lessons/lessons.service.ts
FN:10,(anonymous_4)
FN:15,(anonymous_5)
FN:19,(anonymous_6)
FN:23,(anonymous_7)
FN:27,(anonymous_8)
FN:37,(anonymous_9)
FNF:6
FNH:6
FNDA:44,(anonymous_4)
FNDA:14,(anonymous_5)
FNDA:8,(anonymous_6)
FNDA:4,(anonymous_7)
FNDA:2,(anonymous_8)
FNDA:4,(anonymous_9)
DA:1,4
DA:2,4
DA:3,4
DA:4,4
DA:9,4
DA:12,44
DA:16,14
DA:20,8
DA:24,4
DA:28,2
DA:29,2
DA:30,2
DA:31,2
DA:32,2
DA:34,2
DA:38,4
DA:39,4
DA:41,4
DA:43,4
LF:19
LH:19
BRF:0
BRH:0
end_of_record
TN:
SF:src/lessons/lessons.test.data.ts
FN:3,createLesson
FN:49,(anonymous_1)
FNF:2
FNH:2
FNDA:28,createLesson
FNDA:8,(anonymous_1)
DA:1,4
DA:10,28
DA:11,28
DA:12,28
DA:13,28
DA:14,28
DA:15,28
DA:16,28
DA:19,4
DA:21,4
DA:24,4
DA:27,4
DA:30,4
DA:33,4
DA:36,4
DA:40,4
DA:48,4
DA:49,8
LF:18
LH:18
BRF:0
BRH:0
end_of_record
TN:
SF:src/lessons/dto/create-lesson.dto.ts
FNF:0
FNH:0
DA:1,1
DA:3,1
DA:5,1
DA:8,1
DA:11,1
DA:14,1
LF:6
LH:6
BRF:0
BRH:0
end_of_record
TN:
SF:src/lessons/dto/update-lesson.dto.ts
FNF:0
FNH:0
DA:1,1
DA:3,1
DA:5,1
DA:8,1
DA:11,1
LF:5
LH:5
BRF:0
BRH:0
end_of_record
TN:
SF:src/vocabularies/vocabularies.controller.ts
FN:19,(anonymous_4)
FN:22,(anonymous_5)
FN:27,(anonymous_6)
FN:32,(anonymous_7)
FN:38,(anonymous_8)
FN:43,(anonymous_9)
FN:48,(anonymous_10)
FN:54,(anonymous_11)
FNF:8
FNH:8
FNDA:10,(anonymous_4)
FNDA:6,(anonymous_5)
FNDA:5,(anonymous_6)
FNDA:2,(anonymous_7)
FNDA:1,(anonymous_8)
FNDA:1,(anonymous_9)
FNDA:1,(anonymous_10)
FNDA:1,(anonymous_11)
DA:1,1
DA:12,1
DA:14,1
DA:15,1
DA:18,1
DA:19,10
DA:22,1
DA:23,6
DA:27,1
DA:28,5
DA:32,1
DA:33,2
DA:38,1
DA:39,1
DA:43,1
DA:44,1
DA:48,1
DA:49,1
DA:54,1
DA:58,1
LF:20
LH:20
BRF:0
BRH:0
end_of_record
TN:
SF:src/vocabularies/vocabularies.service.ts
FN:11,(anonymous_4)
FN:17,(anonymous_5)
FN:21,(anonymous_6)
FN:25,(anonymous_7)
FN:29,(anonymous_8)
FN:43,(anonymous_9)
FN:60,(anonymous_10)
FN:70,(anonymous_11)
FNF:8
FNH:8
FNDA:26,(anonymous_4)
FNDA:16,(anonymous_5)
FNDA:18,(anonymous_6)
FNDA:4,(anonymous_7)
FNDA:2,(anonymous_8)
FNDA:6,(anonymous_9)
FNDA:3,(anonymous_10)
FNDA:3,(anonymous_11)
DA:1,2
DA:2,2
DA:3,2
DA:4,2
DA:7,2
DA:10,2
DA:13,26
DA:14,26
DA:18,16
DA:22,18
DA:26,4
DA:30,2
DA:32,2
DA:33,2
DA:34,2
DA:35,2
DA:36,2
DA:37,2
DA:40,2
DA:47,6
DA:48,6
DA:49,6
DA:50,6
DA:51,4
DA:54,2
DA:57,6
DA:61,3
DA:62,3
DA:63,2
DA:64,2
DA:67,3
DA:71,3
DA:72,3
DA:73,2
DA:74,2
DA:77,3
LF:36
LH:36
BRDA:50,0,0,4
BRDA:50,0,1,2
BRDA:50,1,0,6
BRDA:50,1,1,5
BRDA:62,2,0,2
BRDA:62,2,1,1
BRDA:72,3,0,2
BRDA:72,3,1,1
BRF:8
BRH:8
end_of_record
TN:
SF:src/vocabularies/vocabularies.test.data.ts
FN:5,createVocabulary
FN:23,(anonymous_1)
FN:58,(anonymous_2)
FN:61,(anonymous_3)
FN:64,(anonymous_4)
FN:68,(anonymous_5)
FN:72,(anonymous_6)
FNF:7
FNH:7
FNDA:14,createVocabulary
FNDA:2,(anonymous_1)
FNDA:4,(anonymous_2)
FNDA:10,(anonymous_3)
FNDA:12,(anonymous_4)
FNDA:2,(anonymous_5)
FNDA:4,(anonymous_6)
DA:1,2
DA:3,2
DA:13,14
DA:14,14
DA:15,14
DA:16,14
DA:17,14
DA:18,14
DA:19,14
DA:20,14
DA:23,2
DA:25,2
DA:27,2
DA:30,2
DA:33,2
DA:36,2
DA:39,2
DA:42,2
DA:46,2
DA:47,2
DA:48,2
DA:57,2
DA:58,4
DA:60,2
DA:61,10
DA:63,2
DA:64,12
DA:67,2
DA:68,2
DA:71,2
DA:72,4
LF:31
LH:31
BRF:0
BRH:0
end_of_record
TN:
SF:src/vocabularies/vocabulary.repository.mock.ts
FN:11,(anonymous_0)
FN:33,(anonymous_1)
FN:34,(anonymous_2)
FN:37,(anonymous_3)
FN:38,(anonymous_4)
FN:41,(anonymous_5)
FN:42,(anonymous_6)
FN:52,(anonymous_7)
FN:58,(anonymous_8)
FNF:9
FNH:9
FNDA:26,(anonymous_0)
FNDA:16,(anonymous_1)
FNDA:96,(anonymous_2)
FNDA:30,(anonymous_3)
FNDA:108,(anonymous_4)
FNDA:16,(anonymous_5)
FNDA:96,(anonymous_6)
FNDA:2,(anonymous_7)
FNDA:12,(anonymous_8)
DA:2,2
DA:8,2
DA:9,26
DA:12,26
DA:34,96
DA:38,108
DA:42,16
DA:43,96
DA:44,14
DA:46,82
DA:49,16
DA:53,2
DA:54,2
DA:55,2
DA:59,12
DA:60,12
DA:61,12
DA:62,12
DA:63,12
DA:64,12
DA:65,12
DA:66,12
LF:22
LH:22
BRDA:43,0,0,14
BRDA:43,0,1,82
BRDA:61,1,0,10
BRDA:61,1,1,2
BRDA:62,2,0,11
BRDA:62,2,1,1
BRDA:63,3,0,10
BRDA:63,3,1,2
BRF:8
BRH:8
end_of_record
TN:
SF:src/vocabularies/dto/create-vocabulary.dto.ts
FNF:0
FNH:0
DA:1,1
DA:3,1
DA:5,1
DA:8,1
DA:11,1
LF:5
LH:5
BRF:0
BRH:0
end_of_record
TN:
SF:src/vocabularies/dto/update-vocabulary.dto.ts
FNF:0
FNH:0
DA:1,1
DA:3,1
DA:5,1
DA:8,1
DA:11,1
LF:5
LH:5
BRF:0
BRH:0
end_of_record
