TN:
SF:src/app.controller.ts
FN:7,(anonymous_4)
FN:11,(anonymous_5)
FNF:2
FNH:2
FNDA:2,(anonymous_4)
FNDA:1,(anonymous_5)
DA:1,1
DA:2,1
DA:3,1
DA:6,1
DA:7,2
DA:11,1
DA:12,1
LF:7
LH:7
BRF:0
BRH:0
end_of_record
TN:
SF:src/app.service.ts
FNF:0
FNH:0
DA:1,2
DA:4,2
LF:2
LH:2
BRF:0
BRH:0
end_of_record
TN:
SF:src/app-configuration/app-configuration.service.ts
FN:6,(anonymous_1)
FNF:1
FNH:1
FNDA:16,(anonymous_1)
DA:1,3
DA:4,3
DA:8,16
DA:10,1
DA:11,1
DA:13,3
DA:14,3
DA:16,3
DA:17,3
DA:19,1
DA:20,1
DA:22,1
DA:23,1
DA:25,1
DA:26,1
DA:28,6
DA:29,6
DA:31,16
LF:18
LH:18
BRDA:9,0,0,1
BRDA:9,0,1,3
BRDA:9,0,2,3
BRDA:9,0,3,1
BRDA:9,0,4,1
BRDA:9,0,5,1
BRDA:9,0,6,6
BRF:7
BRH:7
end_of_record
TN:
SF:src/auth/auth.service.ts
FN:9,(anonymous_3)
FN:11,(anonymous_4)
FN:21,(anonymous_5)
FNF:3
FNH:3
FNDA:13,(anonymous_3)
FNDA:8,(anonymous_4)
FNDA:2,(anonymous_5)
DA:1,3
DA:2,3
DA:4,3
DA:7,3
DA:8,13
DA:9,13
DA:12,8
DA:13,8
DA:14,8
DA:15,2
DA:16,2
DA:18,6
DA:22,2
DA:23,2
DA:30,2
DA:31,2
LF:16
LH:16
BRDA:14,0,0,2
BRDA:14,0,1,6
BRDA:14,1,0,8
BRDA:14,1,1,6
BRF:4
BRH:4
end_of_record
TN:
SF:src/auth/authConfiguration.ts
FNF:0
FNH:0
DA:1,3
LF:1
LH:1
BRDA:2,0,0,3
BRDA:2,0,1,3
BRF:2
BRH:2
end_of_record
TN:
SF:src/auth/jwt-auth.guard.ts
FNF:0
FNH:0
DA:1,3
DA:2,3
DA:5,3
LF:3
LH:3
BRF:0
BRH:0
end_of_record
TN:
SF:src/auth/local-auth.guard.ts
FNF:0
FNH:0
DA:1,1
DA:2,1
DA:5,1
LF:3
LH:3
BRF:0
BRH:0
end_of_record
TN:
SF:src/lessons/lesson.repository.mock.ts
FN:8,(anonymous_0)
FN:12,(anonymous_1)
FN:18,(anonymous_2)
FN:24,(anonymous_3)
FN:27,(anonymous_4)
FN:36,(anonymous_5)
FN:39,(anonymous_6)
FN:48,(anonymous_7)
FN:49,(anonymous_8)
FN:59,(anonymous_9)
FN:65,(anonymous_10)
FN:66,(anonymous_11)
FNF:12
FNH:12
FNDA:74,(anonymous_0)
FNDA:32,(anonymous_1)
FNDA:48,(anonymous_2)
FNDA:16,(anonymous_3)
FNDA:96,(anonymous_4)
FNDA:32,(anonymous_5)
FNDA:124,(anonymous_6)
FNDA:8,(anonymous_7)
FNDA:48,(anonymous_8)
FNDA:2,(anonymous_9)
FNDA:6,(anonymous_10)
FNDA:12,(anonymous_11)
DA:3,4
DA:5,4
DA:6,74
DA:9,74
DA:14,32
DA:15,32
DA:20,48
DA:21,48
DA:25,16
DA:27,16
DA:28,96
DA:29,80
DA:31,16
DA:37,32
DA:38,32
DA:39,32
DA:40,124
DA:41,20
DA:43,104
DA:49,8
DA:50,48
DA:51,8
DA:53,40
DA:56,8
DA:60,2
DA:61,2
DA:62,2
DA:66,6
DA:67,12
DA:68,6
DA:70,6
DA:73,6
DA:74,6
DA:75,6
DA:76,6
DA:79,6
DA:82,6
DA:83,6
LF:38
LH:38
BRDA:28,0,0,80
BRDA:28,0,1,16
BRDA:40,1,0,20
BRDA:40,1,1,104
BRDA:40,2,0,124
BRDA:40,2,1,26
BRDA:50,3,0,8
BRDA:50,3,1,40
BRDA:67,4,0,6
BRDA:67,4,1,6
BRDA:75,5,0,4
BRDA:75,5,1,2
BRDA:77,6,0,2
BRDA:77,6,1,4
BRDA:80,7,0,4
BRDA:80,7,1,2
BRF:16
BRH:16
end_of_record
TN:
SF:src/lessons/lessons.controller.ts
FN:12,(anonymous_4)
FN:15,(anonymous_5)
FN:21,(anonymous_6)
FN:27,(anonymous_7)
FN:34,(anonymous_8)
FN:41,(anonymous_9)
FNF:6
FNH:6
FNDA:13,(anonymous_4)
FNDA:8,(anonymous_5)
FNDA:8,(anonymous_6)
FNDA:3,(anonymous_7)
FNDA:1,(anonymous_8)
FNDA:4,(anonymous_9)
DA:1,1
DA:2,1
DA:3,1
DA:4,1
DA:6,1
DA:11,1
DA:12,13
DA:15,1
DA:16,8
DA:17,8
DA:21,1
DA:22,8
DA:23,8
DA:27,1
DA:28,3
DA:29,3
DA:34,1
DA:35,1
DA:36,1
DA:41,1
DA:42,4
DA:43,4
LF:22
LH:22
BRF:0
BRH:0
end_of_record
TN:
SF:src/lessons/lessons.service.ts
FN:13,(anonymous_4)
FN:18,(anonymous_5)
FN:23,(anonymous_6)
FN:28,(anonymous_7)
FN:34,(anonymous_8)
FN:46,(anonymous_9)
FNF:6
FNH:6
FNDA:74,(anonymous_4)
FNDA:16,(anonymous_5)
FNDA:32,(anonymous_6)
FNDA:6,(anonymous_7)
FNDA:2,(anonymous_8)
FNDA:8,(anonymous_9)
DA:1,4
DA:2,4
DA:3,4
DA:6,4
DA:10,4
DA:11,74
DA:15,74
DA:19,16
DA:20,16
DA:24,32
DA:25,32
DA:29,6
DA:30,6
DA:31,6
DA:35,2
DA:36,2
DA:38,2
DA:39,2
DA:40,2
DA:41,2
DA:43,2
DA:47,8
DA:48,8
DA:49,6
DA:50,6
DA:51,6
DA:52,6
DA:54,6
LF:28
LH:28
BRDA:31,0,0,2
BRDA:31,0,1,4
BRDA:48,1,0,6
BRDA:48,1,1,2
BRF:4
BRH:4
end_of_record
TN:
SF:src/lessons/lessons.test.data.ts
FN:5,createLesson
FN:21,(anonymous_1)
FN:22,(anonymous_2)
FN:54,(anonymous_3)
FNF:4
FNH:4
FNDA:28,createLesson
FNDA:4,(anonymous_1)
FNDA:8,(anonymous_2)
FNDA:8,(anonymous_3)
DA:2,4
DA:3,4
DA:12,28
DA:13,28
DA:14,28
DA:15,28
DA:16,28
DA:17,28
DA:18,28
DA:21,4
DA:22,8
DA:24,4
DA:26,4
DA:29,4
DA:32,4
DA:35,4
DA:38,4
DA:41,4
DA:45,4
DA:53,4
DA:54,8
LF:21
LH:21
BRF:0
BRH:0
end_of_record
TN:
SF:src/lessons/dto/create-lesson.dto.ts
FNF:0
FNH:0
DA:1,1
DA:3,1
DA:5,1
DA:8,1
DA:11,1
LF:5
LH:5
BRF:0
BRH:0
end_of_record
TN:
SF:src/lessons/dto/update-lesson.dto.ts
FNF:0
FNH:0
DA:1,1
DA:3,1
DA:5,1
DA:8,1
DA:11,1
LF:5
LH:5
BRF:0
BRH:0
end_of_record
TN:
SF:src/users/user.repository.mock.ts
FN:7,(anonymous_0)
FN:11,(anonymous_1)
FN:17,(anonymous_2)
FN:23,(anonymous_3)
FN:29,(anonymous_4)
FN:33,(anonymous_5)
FN:35,(anonymous_6)
FNF:7
FNH:7
FNDA:29,(anonymous_0)
FNDA:22,(anonymous_1)
FNDA:22,(anonymous_2)
FNDA:2,(anonymous_3)
FNDA:22,(anonymous_4)
FNDA:26,(anonymous_5)
FNDA:12,(anonymous_6)
DA:2,5
DA:4,5
DA:5,29
DA:8,29
DA:13,22
DA:14,22
DA:19,22
DA:20,22
DA:24,2
DA:25,2
DA:26,2
DA:30,22
DA:31,22
DA:32,22
DA:33,26
DA:34,7
DA:35,12
DA:37,2
LF:18
LH:18
BRDA:32,0,0,15
BRDA:32,0,1,7
BRDA:34,1,0,5
BRDA:34,1,1,2
BRF:4
BRH:4
end_of_record
TN:
SF:src/users/user.test.data.ts
FN:4,createUser
FN:34,(anonymous_1)
FN:35,(anonymous_2)
FNF:3
FNH:3
FNDA:45,createUser
FNDA:9,(anonymous_1)
FNDA:18,(anonymous_2)
DA:1,9
DA:12,45
DA:13,45
DA:14,45
DA:15,45
DA:16,45
DA:17,45
DA:18,45
DA:19,45
DA:22,9
DA:24,9
DA:27,9
DA:30,9
DA:34,9
DA:35,18
DA:37,9
DA:46,9
LF:17
LH:17
BRF:0
BRH:0
end_of_record
TN:
SF:src/users/users.controller.ts
FN:9,(anonymous_4)
FN:13,(anonymous_5)
FN:24,(anonymous_6)
FN:29,(anonymous_7)
FNF:4
FNH:4
FNDA:8,(anonymous_4)
FNDA:7,(anonymous_5)
FNDA:3,(anonymous_6)
FNDA:2,(anonymous_7)
DA:1,1
DA:2,1
DA:3,1
DA:5,1
DA:8,1
DA:9,8
DA:13,1
DA:14,7
DA:15,7
DA:16,1
DA:18,6
DA:24,1
DA:25,3
DA:29,1
DA:30,2
LF:15
LH:15
BRF:0
BRH:0
end_of_record
TN:
SF:src/users/dto/create-user.dto.ts
FNF:0
FNH:0
DA:1,2
DA:3,2
DA:5,2
DA:8,2
DA:11,2
DA:14,2
DA:17,2
LF:7
LH:7
BRF:0
BRH:0
end_of_record
TN:
SF:src/vocabulary/vocabulary.controller.ts
FN:12,(anonymous_4)
FN:15,(anonymous_5)
FN:21,(anonymous_6)
FN:27,(anonymous_7)
FN:33,(anonymous_8)
FN:39,(anonymous_9)
FN:46,(anonymous_10)
FN:52,(anonymous_11)
FN:58,(anonymous_12)
FN:65,(anonymous_13)
FNF:10
FNH:10
FNDA:23,(anonymous_4)
FNDA:8,(anonymous_5)
FNDA:14,(anonymous_6)
FNDA:2,(anonymous_7)
FNDA:2,(anonymous_8)
FNDA:3,(anonymous_9)
FNDA:1,(anonymous_10)
FNDA:3,(anonymous_11)
FNDA:3,(anonymous_12)
FNDA:4,(anonymous_13)
DA:1,1
DA:2,1
DA:3,1
DA:4,1
DA:6,1
DA:11,1
DA:12,23
DA:15,1
DA:16,8
DA:17,8
DA:21,1
DA:22,14
DA:23,14
DA:27,1
DA:28,2
DA:29,2
DA:33,1
DA:34,2
DA:35,2
DA:39,1
DA:40,3
DA:41,3
DA:46,1
DA:47,1
DA:48,1
DA:52,1
DA:53,3
DA:54,3
DA:58,1
DA:59,3
DA:60,3
DA:65,1
DA:70,4
DA:71,4
LF:34
LH:34
BRF:0
BRH:0
end_of_record
TN:
SF:src/vocabulary/vocabulary.repository.mock.ts
FN:8,(anonymous_0)
FN:12,(anonymous_1)
FN:18,(anonymous_2)
FN:24,(anonymous_3)
FN:27,(anonymous_4)
FN:36,(anonymous_5)
FN:39,(anonymous_6)
FN:48,(anonymous_7)
FN:49,(anonymous_8)
FN:59,(anonymous_9)
FN:65,(anonymous_10)
FN:66,(anonymous_11)
FNF:12
FNH:12
FNDA:48,(anonymous_0)
FNDA:56,(anonymous_1)
FNDA:82,(anonymous_2)
FNDA:26,(anonymous_3)
FNDA:182,(anonymous_4)
FNDA:56,(anonymous_5)
FNDA:256,(anonymous_6)
FNDA:18,(anonymous_7)
FNDA:126,(anonymous_8)
FNDA:2,(anonymous_9)
FNDA:16,(anonymous_10)
FNDA:44,(anonymous_11)
DA:3,2
DA:5,2
DA:6,48
DA:9,48
DA:14,56
DA:15,56
DA:20,82
DA:21,82
DA:25,26
DA:27,26
DA:28,182
DA:29,156
DA:31,26
DA:37,56
DA:38,56
DA:39,56
DA:40,256
DA:41,40
DA:43,216
DA:49,18
DA:50,126
DA:51,18
DA:53,108
DA:56,18
DA:60,2
DA:61,2
DA:62,2
DA:66,16
DA:67,44
DA:68,16
DA:70,28
DA:73,16
DA:74,16
DA:75,16
DA:76,16
DA:77,16
DA:78,16
DA:79,16
LF:38
LH:38
BRDA:28,0,0,156
BRDA:28,0,1,26
BRDA:40,1,0,40
BRDA:40,1,1,216
BRDA:40,2,0,256
BRDA:40,2,1,50
BRDA:50,3,0,18
BRDA:50,3,1,108
BRDA:67,4,0,16
BRDA:67,4,1,28
BRDA:74,5,0,11
BRDA:74,5,1,5
BRDA:75,6,0,13
BRDA:75,6,1,3
BRDA:76,7,0,16
BRDA:76,7,1,0
BRF:16
BRH:15
end_of_record
TN:
SF:src/vocabulary/vocabulary.service.ts
FN:15,(anonymous_4)
FN:22,(anonymous_5)
FN:27,(anonymous_6)
FN:32,(anonymous_7)
FN:38,(anonymous_8)
FN:56,(anonymous_9)
FN:73,(anonymous_10)
FN:94,(anonymous_11)
FN:109,(anonymous_12)
FN:114,(anonymous_13)
FN:118,(anonymous_14)
FNF:11
FNH:11
FNDA:48,(anonymous_4)
FNDA:18,(anonymous_5)
FNDA:56,(anonymous_6)
FNDA:6,(anonymous_7)
FNDA:2,(anonymous_8)
FNDA:10,(anonymous_9)
FNDA:6,(anonymous_10)
FNDA:6,(anonymous_11)
FNDA:8,(anonymous_12)
FNDA:4,(anonymous_13)
FNDA:24,(anonymous_14)
DA:1,2
DA:2,2
DA:3,2
DA:4,2
DA:7,2
DA:8,2
DA:12,2
DA:13,48
DA:17,48
DA:18,48
DA:19,48
DA:23,18
DA:24,18
DA:28,56
DA:29,56
DA:33,6
DA:34,6
DA:35,6
DA:39,2
DA:40,2
DA:42,2
DA:43,2
DA:44,2
DA:45,2
DA:46,2
DA:48,2
DA:49,2
DA:53,2
DA:57,10
DA:58,10
DA:60,10
DA:61,8
DA:62,8
DA:63,8
DA:64,6
DA:67,2
DA:69,8
DA:74,6
DA:75,6
DA:77,6
DA:78,4
DA:80,4
DA:82,4
DA:83,2
DA:84,2
DA:85,2
DA:87,2
DA:88,2
DA:90,4
DA:95,6
DA:96,6
DA:98,6
DA:99,4
DA:100,1
DA:101,1
DA:102,1
DA:103,1
DA:105,4
DA:110,8
DA:111,8
DA:115,4
DA:116,4
DA:117,4
DA:118,4
DA:119,24
LF:65
LH:65
BRDA:35,0,0,2
BRDA:35,0,1,4
BRDA:60,1,0,8
BRDA:60,1,1,2
BRDA:63,2,0,6
BRDA:63,2,1,2
BRDA:63,3,0,8
BRDA:63,3,1,7
BRDA:77,4,0,4
BRDA:77,4,1,2
BRDA:82,5,0,2
BRDA:82,5,1,2
BRDA:98,6,0,4
BRDA:98,6,1,2
BRDA:99,7,0,1
BRDA:99,7,1,3
BRF:16
BRH:16
end_of_record
TN:
SF:src/vocabulary/vocabulary.test.data.ts
FN:6,createVocabulary
FN:26,(anonymous_1)
FN:27,(anonymous_2)
FN:69,(anonymous_3)
FN:72,(anonymous_4)
FN:75,(anonymous_5)
FN:79,(anonymous_6)
FN:83,(anonymous_7)
FNF:8
FNH:8
FNDA:16,createVocabulary
FNDA:2,(anonymous_1)
FNDA:12,(anonymous_2)
FNDA:4,(anonymous_3)
FNDA:10,(anonymous_4)
FNDA:12,(anonymous_5)
FNDA:2,(anonymous_6)
FNDA:4,(anonymous_7)
DA:3,2
DA:4,2
DA:15,16
DA:16,16
DA:17,16
DA:18,16
DA:19,16
DA:20,16
DA:21,16
DA:22,16
DA:23,16
DA:26,2
DA:27,12
DA:28,2
DA:29,2
DA:31,2
DA:33,2
DA:36,2
DA:39,2
DA:42,2
DA:45,2
DA:48,2
DA:52,2
DA:56,2
DA:57,2
DA:58,2
DA:68,2
DA:69,4
DA:71,2
DA:72,10
DA:74,2
DA:75,12
DA:78,2
DA:79,2
DA:82,2
DA:83,4
LF:36
LH:36
BRF:0
BRH:0
end_of_record
TN:
SF:src/vocabulary/dto/create-vocabulary.dto.ts
FNF:0
FNH:0
DA:1,1
DA:3,1
DA:5,1
DA:8,1
DA:11,1
LF:5
LH:5
BRF:0
BRH:0
end_of_record
TN:
SF:src/vocabulary/dto/update-vocabulary.dto.ts
FNF:0
FNH:0
DA:1,1
DA:3,1
DA:5,1
DA:8,1
DA:11,1
LF:5
LH:5
BRF:0
BRH:0
end_of_record
